#
# A fatal error has been detected by the Java Runtime Environment:
#
#  SIGSEGV (0xb) at pc=0x00007fff882c00dd, pid=8395, tid=1811
#
# JRE version: Java(TM) SE Runtime Environment (8.0_25-b17) (build 1.8.0_25-b17)
# Java VM: Java HotSpot(TM) 64-Bit Server VM (25.25-b02 mixed mode bsd-amd64 compressed oops)
# Problematic frame:
# C  [libobjc.A.dylib+0x10dd]  objc_msgSend+0x1d
#
# Failed to write core dump. Core dumps have been disabled. To enable core dumping, try "ulimit -c unlimited" before starting Java again
#
# If you would like to submit a bug report, please visit:
#   http://bugreport.sun.com/bugreport/crash.jsp
# The crash happened outside the Java Virtual Machine in native code.
# See problematic frame for where to report the bug.
#

---------------  T H R E A D  ---------------

Current thread (0x00007fae8c892800):  JavaThread "AppKit Thread" daemon [_thread_in_native, id=1811, stack(0x00007fff5a9b0000,0x00007fff5b1b0000)]

siginfo: si_signo: 11 (SIGSEGV), si_code: 1 (SEGV_MAPERR), si_addr: 0x000007fae8ad6460

Registers:
RAX=0x00007fae8ad62590, RBX=0x00007fff5b1ab8b8, RCX=0x0000000000000000, RDX=0x00007fae8af089b0
RSP=0x00007fff5b1ab6d8, RBP=0x00007fff5b1ab6e0, RSI=0x00007fff919a1be4, RDI=0x00007fae8ad62590
R8 =0x00007fff5b1ab6c0, R9 =0x0000000000000055, R10=0x00007fff919a1be4, R11=0x000007fae8ad6448
R12=0x00007fae8af0ac60, R13=0x00000000000f42e7, R14=0x00007fae8ada55a0, R15=0x00007fff5b1ab818
RIP=0x00007fff882c00dd, EFLAGS=0x0000000000010206, ERR=0x0000000000000004
  TRAPNO=0x000000000000000e

Top of Stack: (sp=0x00007fff5b1ab6d8)
0x00007fff5b1ab6d8:   00007fff88cd1cbc 00007fff5b1aba40
0x00007fff5b1ab6e8:   00007fff88bc31b4 00007fff5b1ab76c
0x00007fff5b1ab6f8:   00007fff5b1ab770 00007fff5b1ab774
0x00007fff5b1ab708:   00007fff78c24b48 ffffffffffffffff
0x00007fff5b1ab718:   00000000000007f8 00007fff78c24b60
0x00007fff5b1ab728:   00007fae8ada55a0 0000000000000000
0x00007fff5b1ab738:   00007fff5b1ab810 0000000000000000
0x00007fff5b1ab748:   00007fae8ac6c210 00007fff5b1ab890
0x00007fff5b1ab758:   0000000000000055 00000000000f42e9
0x00007fff5b1ab768:   00007fae8af089b0 00007fae8ac6d6e0
0x00007fff5b1ab778:   00007fae8af0ac60 0000000000000001
0x00007fff5b1ab788:   00000000000f42e7 00007fae8af0ac50
0x00007fff5b1ab798:   00007fff920cb109 000000018adbd590
0x00007fff5b1ab7a8:   00007fff788280d0 0000000042000000
0x00007fff5b1ab7b8:   00007fff920d36a3 00007fff78bef1d0
0x00007fff5b1ab7c8:   00007fff5b1ab898 00007fff5b1ab7f0
0x00007fff5b1ab7d8:   00007fff5b1ab810 0000000000000000
0x00007fff5b1ab7e8:   000000000000001a 00010d0300000001
0x00007fff5b1ab7f8:   00007fae8af0ac84 0000000000000000
0x00007fff5b1ab808:   0000000000000000 00007fae8ac6c290
0x00007fff5b1ab818:   00007fae8ada55a0 0000002000000000
0x00007fff5b1ab828:   0000000000000000 00007fff788280d0
0x00007fff5b1ab838:   0000000042000000 00007fff9220b99f
0x00007fff5b1ab848:   00007fff78bef2e0 00007fff5b1ab7a8
0x00007fff5b1ab858:   0000000000000000 00007fff5b1ab928
0x00007fff5b1ab868:   00007fff78858560 00007fff5b1ab960
0x00007fff5b1ab878:   00007fff90484edc 00007fff5b1ab910
0x00007fff5b1ab888:   00007fff9147ddbc 0000000000000051
0x00007fff5b1ab898:   0000000000000000 00000000000f42df
0x00007fff5b1ab8a8:   0000000000000053 0000000000000000
0x00007fff5b1ab8b8:   00000000000f42e7 00007fff5b1ab934
0x00007fff5b1ab8c8:   00000000003cc101 00000000ffffffff 

Instructions: (pc=0x00007fff882c00dd)
0x00007fff882c00bd:   00 00 00 48 85 ff 2e 74 7a 40 f6 c7 01 2e 75 7e
0x00007fff882c00cd:   49 bb f8 ff ff ff ff 7f 00 00 4c 23 1f 49 89 f2
0x00007fff882c00dd:   45 23 53 18 49 c1 e2 04 4d 03 53 10 49 3b 32 75
0x00007fff882c00ed:   04 41 ff 62 08 49 83 3a 00 74 6a 4d 3b 53 10 74 

Register to memory mapping:

RAX=0x00007fae8ad62590 is an unknown value
RBX=0x00007fff5b1ab8b8 is pointing into the stack for thread: 0x00007fae8c892800
RCX=0x0000000000000000 is an unknown value
RDX=0x00007fae8af089b0 is an unknown value
RSP=0x00007fff5b1ab6d8 is pointing into the stack for thread: 0x00007fae8c892800
RBP=0x00007fff5b1ab6e0 is pointing into the stack for thread: 0x00007fae8c892800
RSI=0x00007fff919a1be4: -[NSTitlebarContainerView shouldRoundCorners]+0x5c646 in /System/Library/Frameworks/AppKit.framework/Versions/C/AppKit at 0x00007fff90fd8000
RDI=0x00007fae8ad62590 is an unknown value
R8 =0x00007fff5b1ab6c0 is pointing into the stack for thread: 0x00007fae8c892800
R9 =0x0000000000000055 is an unknown value
R10=0x00007fff919a1be4: -[NSTitlebarContainerView shouldRoundCorners]+0x5c646 in /System/Library/Frameworks/AppKit.framework/Versions/C/AppKit at 0x00007fff90fd8000
R11=0x000007fae8ad6448 is an unknown value
R12=0x00007fae8af0ac60 is an unknown value
R13=0x00000000000f42e7 is an unknown value
R14=0x00007fae8ada55a0 is an unknown value
R15=0x00007fff5b1ab818 is pointing into the stack for thread: 0x00007fae8c892800


Stack: [0x00007fff5a9b0000,0x00007fff5b1b0000],  sp=0x00007fff5b1ab6d8,  free space=8173k
Native frames: (J=compiled Java code, j=interpreted, Vv=VM code, C=native code)
C  [libobjc.A.dylib+0x10dd]  objc_msgSend+0x1d
C  [CoreFoundation+0x101b4]  _CFXNotificationPost+0xc44
C  [Foundation+0x2ea1]  -[NSNotificationCenter postNotificationName:object:userInfo:]+0x42
C  [AppKit+0xddb36]  -[NSSurface _disposeSurface]+0x98
C  [AppKit+0xdd59a]  -[NSSurface setWindow:]+0x42
C  [AppKit+0x3c00c]  -[NSView _setWindow:]+0x98f
C  [AppKit+0x3d262]  -[NSView removeFromSuperview]+0x1c5
C  [AppKit+0x918ca]  -[NSView removeFromSuperviewWithoutNeedingDisplay]+0x26
C  [liblwjgl.jnilib+0x9c3e]  +[MacOSXKeyableWindow destroyWindow]+0xde
C  [Foundation+0x65f4c]  __NSThreadPerformPerform+0x125
C  [CoreFoundation+0x80661]  __CFRUNLOOP_IS_CALLING_OUT_TO_A_SOURCE0_PERFORM_FUNCTION__+0x11
C  [CoreFoundation+0x727ed]  __CFRunLoopDoSources0+0x10d
C  [CoreFoundation+0x71e1f]  __CFRunLoopRun+0x39f
C  [CoreFoundation+0x71838]  CFRunLoopRunSpecific+0x128
C  [HIToolbox+0x2e43f]  RunCurrentEventLoopInMode+0xeb
C  [HIToolbox+0x2e1ba]  ReceiveNextEventCommon+0x1af
C  [HIToolbox+0x2dffb]  _BlockUntilNextEventMatchingListInModeWithFilter+0x47
C  [AppKit+0x246d1]  _DPSNextEvent+0x3c4
C  [AppKit+0x23e80]  -[NSApplication nextEventMatchingMask:untilDate:inMode:dequeue:]+0xc2
C  [libosxapp.dylib+0x242a]  -[NSApplicationAWT nextEventMatchingMask:untilDate:inMode:dequeue:]+0x7c
C  [AppKit+0x17e23]  -[NSApplication run]+0x252
C  [libosxapp.dylib+0x223e]  +[NSApplicationAWT runAWTLoopWithApp:]+0x9c
C  [libawt_lwawt.dylib+0x4494f]  -[AWTStarter starter:]+0x389
C  [Foundation+0x65f4c]  __NSThreadPerformPerform+0x125
C  [CoreFoundation+0x80661]  __CFRUNLOOP_IS_CALLING_OUT_TO_A_SOURCE0_PERFORM_FUNCTION__+0x11
C  [CoreFoundation+0x727ed]  __CFRunLoopDoSources0+0x10d
C  [CoreFoundation+0x71e1f]  __CFRunLoopRun+0x39f
C  [CoreFoundation+0x71838]  CFRunLoopRunSpecific+0x128
C  [java+0x56cc]  CreateExecutionEnvironment+0x367
C  [java+0x165c]  JLI_Launch+0x7a0
C  [java+0x768a]  main+0x65
C  [java+0xeb4]  start+0x34
C  0x0000000000000006


---------------  P R O C E S S  ---------------

Java Threads: ( => current thread )
  0x00007fae8b1ec000 JavaThread "AWT-Shutdown" [_thread_blocked, id=21279, stack(0x00000001280ee000,0x00000001281ee000)]
=>0x00007fae8c892800 JavaThread "AppKit Thread" daemon [_thread_in_native, id=1811, stack(0x00007fff5a9b0000,0x00007fff5b1b0000)]
  0x00007fae8c842800 JavaThread "Service Thread" daemon [_thread_blocked, id=17923, stack(0x000000011e01c000,0x000000011e11c000)]
  0x00007fae8b00c800 JavaThread "C1 CompilerThread2" daemon [_thread_blocked, id=17411, stack(0x000000011df19000,0x000000011e019000)]
  0x00007fae8b00b800 JavaThread "C2 CompilerThread1" daemon [_thread_blocked, id=16899, stack(0x000000011de16000,0x000000011df16000)]
  0x00007fae8b00b000 JavaThread "C2 CompilerThread0" daemon [_thread_blocked, id=16387, stack(0x000000011dd13000,0x000000011de13000)]
  0x00007fae8c840800 JavaThread "Signal Dispatcher" daemon [_thread_blocked, id=12307, stack(0x000000011dc10000,0x000000011dd10000)]
  0x00007fae8c828000 JavaThread "Finalizer" daemon [_thread_blocked, id=11523, stack(0x000000011c352000,0x000000011c452000)]
  0x00007fae8c827000 JavaThread "Reference Handler" daemon [_thread_blocked, id=11011, stack(0x000000011c24f000,0x000000011c34f000)]
  0x00007fae8b808000 JavaThread "main" [_thread_in_native, id=3331, stack(0x0000000105a6b000,0x0000000105b6b000)]

Other Threads:
  0x00007fae8c822800 VMThread [stack: 0x000000011c14c000,0x000000011c24c000] [id=10499]
  0x00007fae8c00e000 WatcherThread [stack: 0x000000011e11f000,0x000000011e21f000] [id=18435]

VM state:not at safepoint (normal execution)

VM Mutex/Monitor currently owned by a thread: None

Heap:
 PSYoungGen      total 38400K, used 2673K [0x0000000795580000, 0x0000000798000000, 0x00000007c0000000)
  eden space 33280K, 4% used [0x0000000795580000,0x00000007956f8438,0x0000000797600000)
  from space 5120K, 22% used [0x0000000797b00000,0x0000000797c24010,0x0000000798000000)
  to   space 5120K, 0% used [0x0000000797600000,0x0000000797600000,0x0000000797b00000)
 ParOldGen       total 87552K, used 24K [0x0000000740000000, 0x0000000745580000, 0x0000000795580000)
  object space 87552K, 0% used [0x0000000740000000,0x0000000740006000,0x0000000745580000)
 Metaspace       used 6669K, capacity 6805K, committed 6912K, reserved 1056768K
  class space    used 649K, capacity 693K, committed 768K, reserved 1048576K

Card table byte_map: [0x00000001157c0000,0x0000000115bc1000] byte_map_base: 0x0000000111dc0000

Marking Bits: (ParMarkBitMap*) 0x00000001053eb390
 Begin Bits: [0x0000000116278000, 0x0000000118278000)
 End Bits:   [0x0000000118278000, 0x000000011a278000)

Polling page: 0x0000000105bc6000

CodeCache: size=245760Kb used=2759Kb max_used=2770Kb free=243000Kb
 bounds [0x0000000106400000, 0x00000001066c0000, 0x0000000115400000]
 total_blobs=1096 nmethods=698 adapters=313
 compilation: enabled

Compilation events (10 events):
Event: 14.127 Thread 0x00007fae8b00b000 nmethod 693 0x00000001066b4990 code [0x00000001066b4ae0, 0x00000001066b4c78]
Event: 14.247 Thread 0x00007fae8b00b800  694       4       java.nio.DirectIntBufferU::put (18 bytes)
Event: 14.250 Thread 0x00007fae8b00b800 nmethod 694 0x00000001066b4d90 code [0x00000001066b4ee0, 0x00000001066b4f78]
Event: 14.894 Thread 0x00007fae8b00c800  695       1       de.Test.Test::input (1 bytes)
Event: 14.895 Thread 0x00007fae8b00c800 nmethod 695 0x00000001066b2ad0 code [0x00000001066b2c20, 0x00000001066b2d30]
Event: 14.996 Thread 0x00007fae8b00c800  696       3       java.nio.HeapByteBuffer::_put (8 bytes)
Event: 14.997 Thread 0x00007fae8b00c800 nmethod 696 0x00000001066b2710 code [0x00000001066b2880, 0x00000001066b29f0]
Event: 17.613 Thread 0x00007fae8b00b000  697       4       java.nio.DirectByteBuffer::put (123 bytes)
Event: 17.624 Thread 0x00007fae8b00b000 nmethod 697 0x00000001066b1ed0 code [0x00000001066b2040, 0x00000001066b2418]
Event: 18.250 Thread 0x00007fae8b00b800  698       4       java.nio.DirectByteBuffer::put (18 bytes)

GC Heap History (4 events):
Event: 7.538 GC heap before
{Heap before GC invocations=1 (full 0):
 PSYoungGen      total 38400K, used 33280K [0x0000000795580000, 0x0000000798000000, 0x00000007c0000000)
  eden space 33280K, 100% used [0x0000000795580000,0x0000000797600000,0x0000000797600000)
  from space 5120K, 0% used [0x0000000797b00000,0x0000000797b00000,0x0000000798000000)
  to   space 5120K, 0% used [0x0000000797600000,0x0000000797600000,0x0000000797b00000)
 ParOldGen       total 87552K, used 0K [0x0000000740000000, 0x0000000745580000, 0x0000000795580000)
  object space 87552K, 0% used [0x0000000740000000,0x0000000740000000,0x0000000745580000)
 Metaspace       used 6658K, capacity 6805K, committed 6912K, reserved 1056768K
  class space    used 649K, capacity 693K, committed 768K, reserved 1048576K
Event: 7.548 GC heap after
Heap after GC invocations=1 (full 0):
 PSYoungGen      total 38400K, used 1904K [0x0000000795580000, 0x0000000798000000, 0x00000007c0000000)
  eden space 33280K, 0% used [0x0000000795580000,0x0000000795580000,0x0000000797600000)
  from space 5120K, 37% used [0x0000000797600000,0x00000007977dc368,0x0000000797b00000)
  to   space 5120K, 0% used [0x0000000797b00000,0x0000000797b00000,0x0000000798000000)
 ParOldGen       total 87552K, used 16K [0x0000000740000000, 0x0000000745580000, 0x0000000795580000)
  object space 87552K, 0% used [0x0000000740000000,0x0000000740004000,0x0000000745580000)
 Metaspace       used 6658K, capacity 6805K, committed 6912K, reserved 1056768K
  class space    used 649K, capacity 693K, committed 768K, reserved 1048576K
}
Event: 17.916 GC heap before
{Heap before GC invocations=2 (full 0):
 PSYoungGen      total 38400K, used 35184K [0x0000000795580000, 0x0000000798000000, 0x00000007c0000000)
  eden space 33280K, 100% used [0x0000000795580000,0x0000000797600000,0x0000000797600000)
  from space 5120K, 37% used [0x0000000797600000,0x00000007977dc368,0x0000000797b00000)
  to   space 5120K, 0% used [0x0000000797b00000,0x0000000797b00000,0x0000000798000000)
 ParOldGen       total 87552K, used 16K [0x0000000740000000, 0x0000000745580000, 0x0000000795580000)
  object space 87552K, 0% used [0x0000000740000000,0x0000000740004000,0x0000000745580000)
 Metaspace       used 6663K, capacity 6805K, committed 6912K, reserved 1056768K
  class space    used 649K, capacity 693K, committed 768K, reserved 1048576K
Event: 17.922 GC heap after
Heap after GC invocations=2 (full 0):
 PSYoungGen      total 38400K, used 1168K [0x0000000795580000, 0x0000000798000000, 0x00000007c0000000)
  eden space 33280K, 0% used [0x0000000795580000,0x0000000795580000,0x0000000797600000)
  from space 5120K, 22% used [0x0000000797b00000,0x0000000797c24010,0x0000000798000000)
  to   space 5120K, 0% used [0x0000000797600000,0x0000000797600000,0x0000000797b00000)
 ParOldGen       total 87552K, used 24K [0x0000000740000000, 0x0000000745580000, 0x0000000795580000)
  object space 87552K, 0% used [0x0000000740000000,0x0000000740006000,0x0000000745580000)
 Metaspace       used 6663K, capacity 6805K, committed 6912K, reserved 1056768K
  class space    used 649K, capacity 693K, committed 768K, reserved 1048576K
}

Deoptimization events (2 events):
Event: 0.929 Thread 0x00007fae8b808000 Uncommon trap: reason=intrinsic action=make_not_entrant pc=0x0000000106629920 method=de.tEngine.math.Matrix4f.determinant([[F)F @ 51
Event: 4.620 Thread 0x00007fae8b808000 Uncommon trap: reason=intrinsic action=make_not_entrant pc=0x000000010668501c method=de.tEngine.math.Matrix4f.getAdjoint()Lde/tEngine/math/Matrix4f; @ 32

Internal exceptions (10 events):
Event: 0.664 Thread 0x00007fae8b808000 Exception <a 'java/security/PrivilegedActionException'> (0x0000000795ff7a50) thrown at [/HUDSON3/workspace/8-2-build-macosx-x86_64/jdk8u25/1514/hotspot/src/share/vm/prims/jvm.cpp, line 1312]
Event: 0.664 Thread 0x00007fae8b808000 Exception <a 'java/security/PrivilegedActionException'> (0x0000000795ff9f40) thrown at [/HUDSON3/workspace/8-2-build-macosx-x86_64/jdk8u25/1514/hotspot/src/share/vm/prims/jvm.cpp, line 1312]
Event: 0.668 Thread 0x00007fae8b808000 Exception <a 'java/security/PrivilegedActionException'> (0x000000079600c038) thrown at [/HUDSON3/workspace/8-2-build-macosx-x86_64/jdk8u25/1514/hotspot/src/share/vm/prims/jvm.cpp, line 1312]
Event: 0.669 Thread 0x00007fae8b808000 Exception <a 'java/security/PrivilegedActionException'> (0x000000079600fc50) thrown at [/HUDSON3/workspace/8-2-build-macosx-x86_64/jdk8u25/1514/hotspot/src/share/vm/prims/jvm.cpp, line 1312]
Event: 0.671 Thread 0x00007fae8b808000 Exception <a 'java/security/PrivilegedActionException'> (0x0000000796020a80) thrown at [/HUDSON3/workspace/8-2-build-macosx-x86_64/jdk8u25/1514/hotspot/src/share/vm/prims/jvm.cpp, line 1312]
Event: 0.674 Thread 0x00007fae8b808000 Exception <a 'java/security/PrivilegedActionException'> (0x00000007960321d0) thrown at [/HUDSON3/workspace/8-2-build-macosx-x86_64/jdk8u25/1514/hotspot/src/share/vm/prims/jvm.cpp, line 1312]
Event: 0.677 Thread 0x00007fae8b808000 Exception <a 'java/security/PrivilegedActionException'> (0x0000000796041ae0) thrown at [/HUDSON3/workspace/8-2-build-macosx-x86_64/jdk8u25/1514/hotspot/src/share/vm/prims/jvm.cpp, line 1312]
Event: 0.678 Thread 0x00007fae8b808000 Exception <a 'java/security/PrivilegedActionException'> (0x000000079604d618) thrown at [/HUDSON3/workspace/8-2-build-macosx-x86_64/jdk8u25/1514/hotspot/src/share/vm/prims/jvm.cpp, line 1312]
Event: 0.685 Thread 0x00007fae8b808000 Exception <a 'java/security/PrivilegedActionException'> (0x000000079605c310) thrown at [/HUDSON3/workspace/8-2-build-macosx-x86_64/jdk8u25/1514/hotspot/src/share/vm/prims/jvm.cpp, line 1312]
Event: 18.248 Thread 0x00007fae8b808000 Exception <a 'java/security/PrivilegedActionException'> (0x000000079566c058) thrown at [/HUDSON3/workspace/8-2-build-macosx-x86_64/jdk8u25/1514/hotspot/src/share/vm/prims/jvm.cpp, line 1312]

Events (10 events):
Event: 7.548 Executing VM operation: ParallelGCFailedAllocation done
Event: 14.789 Thread 0x00007fae8ca2b800 Thread added: 0x00007fae8ca2b800
Event: 17.213 Executing VM operation: RevokeBias
Event: 17.213 Executing VM operation: RevokeBias done
Event: 17.214 Thread 0x00007fae8ca2b800 Thread exited: 0x00007fae8ca2b800
Event: 17.916 Executing VM operation: ParallelGCFailedAllocation
Event: 17.922 Executing VM operation: ParallelGCFailedAllocation done
Event: 18.175 Thread 0x00007fae8b1ec000 Thread added: 0x00007fae8b1ec000
Event: 18.248 loading class org/lwjgl/opengl/CallbackUtil
Event: 18.248 loading class org/lwjgl/opengl/CallbackUtil done


Dynamic libraries:
0x0000000006f0f000 	/System/Library/Frameworks/Cocoa.framework/Versions/A/Cocoa
0x0000000006f0f000 	/System/Library/Frameworks/Security.framework/Versions/A/Security
0x0000000006f0f000 	/System/Library/Frameworks/ApplicationServices.framework/Versions/A/ApplicationServices
0x0000000006f0f000 	/usr/lib/libz.1.dylib
0x0000000006f0f000 	/usr/lib/libSystem.B.dylib
0x0000000006f0f000 	/usr/lib/libobjc.A.dylib
0x0000000006f0f000 	/System/Library/Frameworks/CoreFoundation.framework/Versions/A/CoreFoundation
0x0000000006f0f000 	/System/Library/Frameworks/Foundation.framework/Versions/C/Foundation
0x0000000006f0f000 	/System/Library/Frameworks/AppKit.framework/Versions/C/AppKit
0x0000000006f0f000 	/System/Library/Frameworks/CoreData.framework/Versions/A/CoreData
0x0000000006f0f000 	/System/Library/PrivateFrameworks/RemoteViewServices.framework/Versions/A/RemoteViewServices
0x0000000006f0f000 	/System/Library/PrivateFrameworks/UIFoundation.framework/Versions/A/UIFoundation
0x0000000006f0f000 	/System/Library/Frameworks/IOSurface.framework/Versions/A/IOSurface
0x0000000006f0f000 	/System/Library/Frameworks/AudioToolbox.framework/Versions/A/AudioToolbox
0x0000000006f0f000 	/System/Library/Frameworks/AudioUnit.framework/Versions/A/AudioUnit
0x0000000006f0f000 	/System/Library/PrivateFrameworks/DataDetectorsCore.framework/Versions/A/DataDetectorsCore
0x0000000006f0f000 	/System/Library/PrivateFrameworks/DesktopServicesPriv.framework/Versions/A/DesktopServicesPriv
0x0000000006f0f000 	/System/Library/Frameworks/Carbon.framework/Versions/A/Frameworks/HIToolbox.framework/Versions/A/HIToolbox
0x0000000006f0f000 	/System/Library/Frameworks/QuartzCore.framework/Versions/A/QuartzCore
0x0000000006f0f000 	/System/Library/Frameworks/Carbon.framework/Versions/A/Frameworks/SpeechRecognition.framework/Versions/A/SpeechRecognition
0x0000000006f0f000 	/usr/lib/libauto.dylib
0x0000000006f0f000 	/usr/lib/libicucore.A.dylib
0x0000000006f0f000 	/usr/lib/libxml2.2.dylib
0x0000000006f0f000 	/System/Library/PrivateFrameworks/CoreUI.framework/Versions/A/CoreUI
0x0000000006f0f000 	/System/Library/Frameworks/CoreAudio.framework/Versions/A/CoreAudio
0x0000000006f0f000 	/System/Library/Frameworks/DiskArbitration.framework/Versions/A/DiskArbitration
0x0000000006f0f000 	/usr/lib/liblangid.dylib
0x0000000006f0f000 	/System/Library/PrivateFrameworks/MultitouchSupport.framework/Versions/A/MultitouchSupport
0x0000000006f0f000 	/System/Library/Frameworks/IOKit.framework/Versions/A/IOKit
0x0000000006f0f000 	/usr/lib/libDiagnosticMessagesClient.dylib
0x0000000006f0f000 	/System/Library/Frameworks/CoreServices.framework/Versions/A/CoreServices
0x0000000006f0f000 	/System/Library/PrivateFrameworks/PerformanceAnalysis.framework/Versions/A/PerformanceAnalysis
0x0000000006f0f000 	/System/Library/PrivateFrameworks/GenerationalStorage.framework/Versions/A/GenerationalStorage
0x0000000006f0f000 	/System/Library/Frameworks/OpenGL.framework/Versions/A/OpenGL
0x0000000006f0f000 	/System/Library/PrivateFrameworks/Sharing.framework/Versions/A/Sharing
0x0000000006f0f000 	/System/Library/Frameworks/CoreGraphics.framework/Versions/A/CoreGraphics
0x0000000006f0f000 	/System/Library/Frameworks/CoreText.framework/Versions/A/CoreText
0x0000000006f0f000 	/System/Library/Frameworks/ImageIO.framework/Versions/A/ImageIO
0x0000000006f0f000 	/usr/lib/libextension.dylib
0x0000000006f0f000 	/System/Library/PrivateFrameworks/Backup.framework/Versions/A/Backup
0x0000000006f0f000 	/usr/lib/libarchive.2.dylib
0x0000000006f0f000 	/System/Library/Frameworks/CFNetwork.framework/Versions/A/CFNetwork
0x0000000006f0f000 	/System/Library/Frameworks/SystemConfiguration.framework/Versions/A/SystemConfiguration
0x0000000006f0f000 	/usr/lib/libCRFSuite.dylib
0x0000000006f0f000 	/usr/lib/libc++.1.dylib
0x0000000006f0f000 	/usr/lib/libc++abi.dylib
0x0000000006f0f000 	/usr/lib/system/libcache.dylib
0x0000000006f0f000 	/usr/lib/system/libcommonCrypto.dylib
0x0000000006f0f000 	/usr/lib/system/libcompiler_rt.dylib
0x0000000006f0f000 	/usr/lib/system/libcopyfile.dylib
0x0000000006f0f000 	/usr/lib/system/libcorecrypto.dylib
0x0000000006f0f000 	/usr/lib/system/libdispatch.dylib
0x0000000006f0f000 	/usr/lib/system/libdyld.dylib
0x0000000006f0f000 	/usr/lib/system/libkeymgr.dylib
0x0000000006f0f000 	/usr/lib/system/liblaunch.dylib
0x0000000006f0f000 	/usr/lib/system/libmacho.dylib
0x0000000006f0f000 	/usr/lib/system/libquarantine.dylib
0x0000000006f0f000 	/usr/lib/system/libremovefile.dylib
0x0000000006f0f000 	/usr/lib/system/libsystem_asl.dylib
0x0000000006f0f000 	/usr/lib/system/libsystem_blocks.dylib
0x0000000006f0f000 	/usr/lib/system/libsystem_c.dylib
0x0000000006f0f000 	/usr/lib/system/libsystem_configuration.dylib
0x0000000006f0f000 	/usr/lib/system/libsystem_coreservices.dylib
0x0000000006f0f000 	/usr/lib/system/libsystem_coretls.dylib
0x0000000006f0f000 	/usr/lib/system/libsystem_dnssd.dylib
0x0000000006f0f000 	/usr/lib/system/libsystem_info.dylib
0x0000000006f0f000 	/usr/lib/system/libsystem_kernel.dylib
0x0000000006f0f000 	/usr/lib/system/libsystem_m.dylib
0x0000000006f0f000 	/usr/lib/system/libsystem_malloc.dylib
0x0000000006f0f000 	/usr/lib/system/libsystem_network.dylib
0x0000000006f0f000 	/usr/lib/system/libsystem_networkextension.dylib
0x0000000006f0f000 	/usr/lib/system/libsystem_notify.dylib
0x0000000006f0f000 	/usr/lib/system/libsystem_platform.dylib
0x0000000006f0f000 	/usr/lib/system/libsystem_pthread.dylib
0x0000000006f0f000 	/usr/lib/system/libsystem_sandbox.dylib
0x0000000006f0f000 	/usr/lib/system/libsystem_secinit.dylib
0x0000000006f0f000 	/usr/lib/system/libsystem_stats.dylib
0x0000000006f0f000 	/usr/lib/system/libsystem_trace.dylib
0x0000000006f0f000 	/usr/lib/system/libunc.dylib
0x0000000006f0f000 	/usr/lib/system/libunwind.dylib
0x0000000006f0f000 	/usr/lib/system/libxpc.dylib
0x0000000006f0f000 	/usr/lib/libbz2.1.0.dylib
0x0000000006f0f000 	/usr/lib/liblzma.5.dylib
0x0000000006f0f000 	/usr/lib/libbsm.0.dylib
0x0000000006f0f000 	/usr/lib/libsqlite3.dylib
0x0000000006f0f000 	/usr/lib/system/libkxld.dylib
0x0000000006f0f000 	/usr/lib/libxar.1.dylib
0x0000000006f0f000 	/usr/lib/libpam.2.dylib
0x0000000006f0f000 	/usr/lib/libOpenScriptingUtil.dylib
0x0000000006f0f000 	/System/Library/Frameworks/CoreServices.framework/Versions/A/Frameworks/FSEvents.framework/Versions/A/FSEvents
0x0000000006f0f000 	/System/Library/Frameworks/CoreServices.framework/Versions/A/Frameworks/CarbonCore.framework/Versions/A/CarbonCore
0x0000000006f0f000 	/System/Library/Frameworks/CoreServices.framework/Versions/A/Frameworks/Metadata.framework/Versions/A/Metadata
0x0000000006f0f000 	/System/Library/Frameworks/CoreServices.framework/Versions/A/Frameworks/OSServices.framework/Versions/A/OSServices
0x0000000006f0f000 	/System/Library/Frameworks/CoreServices.framework/Versions/A/Frameworks/SearchKit.framework/Versions/A/SearchKit
0x0000000006f0f000 	/System/Library/Frameworks/CoreServices.framework/Versions/A/Frameworks/AE.framework/Versions/A/AE
0x0000000006f0f000 	/System/Library/Frameworks/CoreServices.framework/Versions/A/Frameworks/LaunchServices.framework/Versions/A/LaunchServices
0x0000000006f0f000 	/System/Library/Frameworks/CoreServices.framework/Versions/A/Frameworks/DictionaryServices.framework/Versions/A/DictionaryServices
0x0000000006f0f000 	/System/Library/Frameworks/NetFS.framework/Versions/A/NetFS
0x0000000006f0f000 	/System/Library/PrivateFrameworks/NetAuth.framework/Versions/A/NetAuth
0x0000000006f0f000 	/System/Library/PrivateFrameworks/login.framework/Versions/A/Frameworks/loginsupport.framework/Versions/A/loginsupport
0x0000000006f0f000 	/System/Library/PrivateFrameworks/TCC.framework/Versions/A/TCC
0x0000000006f0f000 	/usr/lib/libmecabra.dylib
0x0000000006f0f000 	/System/Library/PrivateFrameworks/LanguageModeling.framework/Versions/A/LanguageModeling
0x0000000006f0f000 	/usr/lib/libcmph.dylib
0x0000000006f0f000 	/usr/lib/libiconv.2.dylib
0x0000000006f0f000 	/System/Library/Frameworks/OpenDirectory.framework/Versions/A/Frameworks/CFOpenDirectory.framework/Versions/A/CFOpenDirectory
0x0000000006f0f000 	/System/Library/Frameworks/ServiceManagement.framework/Versions/A/ServiceManagement
0x0000000006f0f000 	/usr/lib/libxslt.1.dylib
0x0000000006f0f000 	/System/Library/Frameworks/Carbon.framework/Versions/A/Frameworks/Ink.framework/Versions/A/Ink
0x0000000006f0f000 	/System/Library/Frameworks/ApplicationServices.framework/Versions/A/Frameworks/ATS.framework/Versions/A/ATS
0x0000000006f0f000 	/System/Library/Frameworks/ApplicationServices.framework/Versions/A/Frameworks/ColorSync.framework/Versions/A/ColorSync
0x0000000006f0f000 	/System/Library/Frameworks/ApplicationServices.framework/Versions/A/Frameworks/HIServices.framework/Versions/A/HIServices
0x0000000006f0f000 	/System/Library/Frameworks/ApplicationServices.framework/Versions/A/Frameworks/LangAnalysis.framework/Versions/A/LangAnalysis
0x0000000006f0f000 	/System/Library/Frameworks/ApplicationServices.framework/Versions/A/Frameworks/PrintCore.framework/Versions/A/PrintCore
0x0000000006f0f000 	/System/Library/Frameworks/ApplicationServices.framework/Versions/A/Frameworks/QD.framework/Versions/A/QD
0x0000000006f0f000 	/System/Library/Frameworks/ApplicationServices.framework/Versions/A/Frameworks/SpeechSynthesis.framework/Versions/A/SpeechSynthesis
0x0000000006f0f000 	/System/Library/Frameworks/Accelerate.framework/Versions/A/Accelerate
0x0000000006f0f000 	/System/Library/Frameworks/Accelerate.framework/Versions/A/Frameworks/vImage.framework/Versions/A/vImage
0x0000000006f0f000 	/System/Library/Frameworks/Accelerate.framework/Versions/A/Frameworks/vecLib.framework/Versions/A/vecLib
0x0000000006f0f000 	/System/Library/Frameworks/Accelerate.framework/Versions/A/Frameworks/vecLib.framework/Versions/A/libvDSP.dylib
0x0000000006f0f000 	/System/Library/Frameworks/Accelerate.framework/Versions/A/Frameworks/vecLib.framework/Versions/A/libvMisc.dylib
0x0000000006f0f000 	/System/Library/Frameworks/Accelerate.framework/Versions/A/Frameworks/vecLib.framework/Versions/A/libLAPACK.dylib
0x0000000006f0f000 	/System/Library/Frameworks/Accelerate.framework/Versions/A/Frameworks/vecLib.framework/Versions/A/libBLAS.dylib
0x0000000006f0f000 	/System/Library/Frameworks/Accelerate.framework/Versions/A/Frameworks/vecLib.framework/Versions/A/libLinearAlgebra.dylib
0x0000000006f0f000 	/System/Library/Frameworks/ApplicationServices.framework/Versions/A/Frameworks/ATS.framework/Versions/A/Resources/libFontParser.dylib
0x0000000006f0f000 	/System/Library/Frameworks/ApplicationServices.framework/Versions/A/Frameworks/ATS.framework/Versions/A/Resources/libFontRegistry.dylib
0x0000000006f0f000 	/System/Library/PrivateFrameworks/AppleVPA.framework/Versions/A/AppleVPA
0x0000000006f0f000 	/System/Library/PrivateFrameworks/AppleJPEG.framework/Versions/A/AppleJPEG
0x0000000006f0f000 	/System/Library/Frameworks/ImageIO.framework/Versions/A/Resources/libJPEG.dylib
0x0000000006f0f000 	/System/Library/Frameworks/ImageIO.framework/Versions/A/Resources/libTIFF.dylib
0x0000000006f0f000 	/System/Library/Frameworks/ImageIO.framework/Versions/A/Resources/libPng.dylib
0x0000000006f0f000 	/System/Library/Frameworks/ImageIO.framework/Versions/A/Resources/libGIF.dylib
0x0000000006f0f000 	/System/Library/Frameworks/ImageIO.framework/Versions/A/Resources/libJP2.dylib
0x0000000006f0f000 	/System/Library/Frameworks/ImageIO.framework/Versions/A/Resources/libRadiance.dylib
0x0000000006f0f000 	/System/Library/Frameworks/CoreVideo.framework/Versions/A/CoreVideo
0x0000000006f0f000 	/System/Library/Frameworks/OpenGL.framework/Versions/A/Libraries/libGLU.dylib
0x0000000006f0f000 	/System/Library/Frameworks/OpenGL.framework/Versions/A/Libraries/libGFXShared.dylib
0x0000000006f0f000 	/System/Library/Frameworks/OpenGL.framework/Versions/A/Libraries/libGL.dylib
0x0000000006f0f000 	/System/Library/Frameworks/OpenGL.framework/Versions/A/Libraries/libGLImage.dylib
0x0000000006f0f000 	/System/Library/Frameworks/OpenGL.framework/Versions/A/Libraries/libCVMSPluginSupport.dylib
0x0000000006f0f000 	/System/Library/Frameworks/OpenGL.framework/Versions/A/Libraries/libCoreVMClient.dylib
0x0000000006f0f000 	/usr/lib/libcups.2.dylib
0x0000000006f0f000 	/System/Library/Frameworks/Kerberos.framework/Versions/A/Kerberos
0x0000000006f0f000 	/System/Library/Frameworks/GSS.framework/Versions/A/GSS
0x0000000006f0f000 	/usr/lib/libresolv.9.dylib
0x0000000006f0f000 	/System/Library/PrivateFrameworks/Heimdal.framework/Versions/A/Heimdal
0x0000000006f0f000 	/usr/lib/libheimdal-asn1.dylib
0x0000000006f0f000 	/System/Library/Frameworks/OpenDirectory.framework/Versions/A/OpenDirectory
0x0000000006f0f000 	/System/Library/PrivateFrameworks/CommonAuth.framework/Versions/A/CommonAuth
0x0000000006f0f000 	/System/Library/Frameworks/SecurityFoundation.framework/Versions/A/SecurityFoundation
0x0000000006f0f000 	/System/Library/Frameworks/QuartzCore.framework/Versions/A/Frameworks/CoreImage.framework/Versions/A/CoreImage
0x0000000006f0f000 	/System/Library/PrivateFrameworks/CrashReporterSupport.framework/Versions/A/CrashReporterSupport
0x0000000006f0f000 	/System/Library/Frameworks/OpenCL.framework/Versions/A/OpenCL
0x0000000006f0f000 	/System/Library/PrivateFrameworks/FaceCore.framework/Versions/A/FaceCore
0x0000000006f0f000 	/System/Library/PrivateFrameworks/Ubiquity.framework/Versions/A/Ubiquity
0x0000000006f0f000 	/System/Library/PrivateFrameworks/IconServices.framework/Versions/A/IconServices
0x0000000006f0f000 	/System/Library/PrivateFrameworks/ChunkingLibrary.framework/Versions/A/ChunkingLibrary
0x0000000006f0f000 	/System/Library/PrivateFrameworks/Apple80211.framework/Versions/A/Apple80211
0x0000000006f0f000 	/System/Library/Frameworks/CoreWLAN.framework/Versions/A/CoreWLAN
0x0000000006f0f000 	/System/Library/Frameworks/IOBluetooth.framework/Versions/A/IOBluetooth
0x0000000006f0f000 	/System/Library/PrivateFrameworks/CoreWiFi.framework/Versions/A/CoreWiFi
0x0000000006f0f000 	/System/Library/Frameworks/CoreBluetooth.framework/Versions/A/CoreBluetooth
0x0000000006f0f000 	/System/Library/PrivateFrameworks/DebugSymbols.framework/Versions/A/DebugSymbols
0x0000000006f0f000 	/System/Library/PrivateFrameworks/CoreSymbolication.framework/Versions/A/CoreSymbolication
0x0000000006f0f000 	/System/Library/PrivateFrameworks/Symbolication.framework/Versions/A/Symbolication
0x0000000006f0f000 	/System/Library/PrivateFrameworks/SpeechRecognitionCore.framework/Versions/A/SpeechRecognitionCore
0x0000000104b4e000 	/Library/Java/JavaVirtualMachines/jdk1.8.0_25.jdk/Contents/Home/jre/lib/server/libjvm.dylib
0x0000000006f0f000 	/usr/lib/libstdc++.6.dylib
0x0000000105b84000 	/Library/Java/JavaVirtualMachines/jdk1.8.0_25.jdk/Contents/Home/jre/lib/libverify.dylib
0x0000000105b92000 	/Library/Java/JavaVirtualMachines/jdk1.8.0_25.jdk/Contents/Home/jre/lib/libjava.dylib
0x0000000105bd0000 	/Library/Java/JavaVirtualMachines/jdk1.8.0_25.jdk/Contents/Home/jre/lib/libzip.dylib
0x000000011c454000 	/System/Library/Frameworks/JavaVM.framework/Frameworks/JavaRuntimeSupport.framework/JavaRuntimeSupport
0x000000011c46a000 	/System/Library/Frameworks/JavaVM.framework/Versions/A/Frameworks/JavaNativeFoundation.framework/Versions/A/JavaNativeFoundation
0x000000011c47e000 	/System/Library/Frameworks/JavaVM.framework/Versions/A/JavaVM
0x0000000006f0f000 	/System/Library/Frameworks/Carbon.framework/Versions/A/Carbon
0x000000011c48a000 	/System/Library/PrivateFrameworks/JavaLaunching.framework/Versions/A/JavaLaunching
0x0000000006f0f000 	/System/Library/Frameworks/Carbon.framework/Versions/A/Frameworks/CommonPanels.framework/Versions/A/CommonPanels
0x0000000006f0f000 	/System/Library/Frameworks/Carbon.framework/Versions/A/Frameworks/Help.framework/Versions/A/Help
0x0000000006f0f000 	/System/Library/Frameworks/Carbon.framework/Versions/A/Frameworks/ImageCapture.framework/Versions/A/ImageCapture
0x0000000006f0f000 	/System/Library/Frameworks/Carbon.framework/Versions/A/Frameworks/OpenScripting.framework/Versions/A/OpenScripting
0x0000000006f0f000 	/System/Library/Frameworks/Carbon.framework/Versions/A/Frameworks/Print.framework/Versions/A/Print
0x0000000006f0f000 	/System/Library/Frameworks/Carbon.framework/Versions/A/Frameworks/SecurityHI.framework/Versions/A/SecurityHI
0x000000011e233000 	/Library/Java/JavaVirtualMachines/jdk1.8.0_25.jdk/Contents/Home/jre/lib/libawt.dylib
0x000000011e2e2000 	/Library/Java/JavaVirtualMachines/jdk1.8.0_25.jdk/Contents/Home/jre/lib/./libmlib_image.dylib
0x000000011e3ae000 	/Library/Java/JavaVirtualMachines/jdk1.8.0_25.jdk/Contents/Home/jre/lib/libawt_lwawt.dylib
0x000000011e461000 	/Library/Java/JavaVirtualMachines/jdk1.8.0_25.jdk/Contents/Home/jre/lib/./libosxapp.dylib
0x0000000006f0f000 	/System/Library/Frameworks/ExceptionHandling.framework/Versions/A/ExceptionHandling
0x0000000006f0f000 	/System/Library/PrivateFrameworks/CoreServicesInternal.framework/Versions/A/CoreServicesInternal
0x0000000006f0f000 	/System/Library/PrivateFrameworks/CloudDocs.framework/Versions/A/CloudDocs
0x0000000006f0f000 	/System/Library/PrivateFrameworks/CoreDuet.framework/Versions/A/CoreDuet
0x0000000006f0f000 	/System/Library/Frameworks/CloudKit.framework/Versions/A/CloudKit
0x0000000006f0f000 	/System/Library/PrivateFrameworks/ProtocolBuffer.framework/Versions/A/ProtocolBuffer
0x0000000006f0f000 	/System/Library/PrivateFrameworks/CoreDuetDaemonProtocol.framework/Versions/A/CoreDuetDaemonProtocol
0x0000000006f0f000 	/System/Library/PrivateFrameworks/CoreDuetDebugLogging.framework/Versions/A/CoreDuetDebugLogging
0x0000000006f0f000 	/System/Library/Frameworks/CoreLocation.framework/Versions/A/CoreLocation
0x0000000006f0f000 	/System/Library/Frameworks/Accounts.framework/Versions/A/Accounts
0x0000000006f0f000 	/System/Library/PrivateFrameworks/ApplePushService.framework/Versions/A/ApplePushService
0x0000000006f0f000 	/System/Library/PrivateFrameworks/GeoServices.framework/Versions/A/GeoServices
0x0000000006f0f000 	/System/Library/PrivateFrameworks/OAuth.framework/Versions/A/OAuth
0x0000000006f0f000 	/System/Library/PrivateFrameworks/CoreDaemon.framework/Versions/B/CoreDaemon
0x0000000006f0f000 	/usr/lib/libcrypto.0.9.8.dylib
0x0000000006f0f000 	/System/Library/PrivateFrameworks/AppleSRP.framework/Versions/A/AppleSRP
0x0000000006f0f000 	/System/Library/PrivateFrameworks/TrustEvaluationAgent.framework/Versions/A/TrustEvaluationAgent
0x0000000006f0f000 	/System/Library/Frameworks/CoreGraphics.framework/Versions/A/Resources/libCGCMS.A.dylib
0x0000000006f0f000 	/System/Library/Frameworks/CoreGraphics.framework/Versions/A/Resources/libRIP.A.dylib
0x0000000006f0f000 	/System/Library/Frameworks/CoreGraphics.framework/Versions/A/Resources/libCGXType.A.dylib
0x0000000006f0f000 	/System/Library/Frameworks/OpenCL.framework/Versions/A/Libraries/libcldcpuengine.dylib
0x0000000006f0f000 	/System/Library/PrivateFrameworks/DiskImages.framework/Versions/A/DiskImages
0x0000000006f0f000 	/System/Library/Frameworks/DiscRecording.framework/Versions/A/DiscRecording
0x0000000006f0f000 	/usr/lib/libcsfde.dylib
0x0000000006f0f000 	/usr/lib/libcurl.4.dylib
0x0000000006f0f000 	/System/Library/PrivateFrameworks/MediaKit.framework/Versions/A/MediaKit
0x0000000006f0f000 	/System/Library/PrivateFrameworks/ProtectedCloudStorage.framework/Versions/A/ProtectedCloudStorage
0x0000000006f0f000 	/usr/lib/libCoreStorage.dylib
0x0000000006f0f000 	/System/Library/PrivateFrameworks/EFILogin.framework/Versions/A/EFILogin
0x0000000006f0f000 	/usr/lib/libutil.dylib
0x0000000006f0f000 	/System/Library/PrivateFrameworks/FindMyDevice.framework/Versions/A/FindMyDevice
0x0000000006f0f000 	/System/Library/Frameworks/LDAP.framework/Versions/A/LDAP
0x0000000006f0f000 	/usr/lib/libsasl2.2.dylib
0x00000001212f4000 	cl_kernels
0x00000001212f6000 	/System/Library/Frameworks/OpenCL.framework/Versions/A/Libraries/ImageFormats/unorm8_bgra.dylib
0x00000001212e6000 	cl_kernels
0x0000000006f0f000 	/System/Library/PrivateFrameworks/FamilyControls.framework/Versions/A/FamilyControls
0x0000000006f0f000 	/System/Library/PrivateFrameworks/CommerceKit.framework/Versions/A/Frameworks/CommerceCore.framework/Versions/A/CommerceCore
0x0000000006f0f000 	/System/Library/PrivateFrameworks/SystemAdministration.framework/Versions/A/SystemAdministration
0x0000000006f0f000 	/System/Library/PrivateFrameworks/AppContainer.framework/Versions/A/AppContainer
0x0000000006f0f000 	/System/Library/PrivateFrameworks/SecCodeWrapper.framework/Versions/A/SecCodeWrapper
0x0000000006f0f000 	/System/Library/Frameworks/DirectoryService.framework/Versions/A/DirectoryService
0x0000000006f0f000 	/System/Library/PrivateFrameworks/LoginUIKit.framework/Versions/A/Frameworks/LoginUICore.framework/Versions/A/LoginUICore
0x0000000006f0f000 	/usr/lib/libodfde.dylib
0x0000000122519000 	/Library/Java/JavaVirtualMachines/jdk1.8.0_25.jdk/Contents/Home/jre/lib/libfontmanager.dylib
0x0000000122580000 	/Users/Tim/git/tEngine/Game/lib/natives - mac/liblwjgl.jnilib
0x00000001206df000 	/Library/Java/JavaVirtualMachines/jdk1.8.0_25.jdk/Contents/Home/jre/lib/libjawt.dylib
0x0000000006f0f000 	/System/Library/Frameworks/OpenGL.framework/Versions/A/Resources/GLEngine.bundle/GLEngine
0x0000000006f0f000 	/System/Library/Frameworks/OpenGL.framework/Versions/A/Libraries/libGLProgrammability.dylib
0x0000000000000000 	/System/Library/Extensions/AppleIntelHD5000GraphicsGLDriver.bundle/Contents/MacOS/AppleIntelHD5000GraphicsGLDriver
0x0000000006f0f000 	/System/Library/PrivateFrameworks/IOAccelerator.framework/Versions/A/IOAccelerator
0x0000000006f0f000 	/System/Library/PrivateFrameworks/GPUSupport.framework/Versions/A/Libraries/libGPUSupportMercury.dylib
0x0000000006f0f000 	/System/Library/Frameworks/OpenGL.framework/Versions/A/Resources/GLRendererFloat.bundle/GLRendererFloat

VM Arguments:
jvm_args: -Djava.library.path=/Users/Tim/git/tEngine/Game/lib/natives - mac -Dfile.encoding=UTF-8 
java_command: de.Test.Test
java_class_path (initial): /Users/Tim/git/tEngine/Game/bin:/Users/Tim/git/tEngine/Game/lib/jars/lwjgl_util.jar:/Users/Tim/git/tEngine/Game/lib/jars/lwjgl.jar:/Users/Tim/git/tEngine/Game/lib/jars/slick-util.jar:/Applications/eclipse/plugins/org.junit_4.11.0.v201303080030/junit.jar:/Applications/eclipse/plugins/org.hamcrest.core_1.3.0.v201303031735.jar
Launcher Type: SUN_STANDARD

Environment Variables:
PATH=/usr/bin:/bin:/usr/sbin:/sbin
SHELL=/bin/bash

Signal Handlers:
SIGSEGV: [libjvm.dylib+0x579dc7], sa_mask[0]=11111111011111110111111111111111, sa_flags=SA_ONSTACK|SA_RESTART|SA_SIGINFO
SIGBUS: [libjvm.dylib+0x579dc7], sa_mask[0]=11111111011111110111111111111111, sa_flags=SA_RESTART|SA_SIGINFO
SIGFPE: [libjvm.dylib+0x45b030], sa_mask[0]=11111111011111110111111111111111, sa_flags=SA_RESTART|SA_SIGINFO
SIGPIPE: [libjvm.dylib+0x45b030], sa_mask[0]=11111111011111110111111111111111, sa_flags=SA_RESTART|SA_SIGINFO
SIGXFSZ: [libjvm.dylib+0x45b030], sa_mask[0]=11111111011111110111111111111111, sa_flags=SA_RESTART|SA_SIGINFO
SIGILL: [libjvm.dylib+0x45b030], sa_mask[0]=11111111011111110111111111111111, sa_flags=SA_RESTART|SA_SIGINFO
SIGUSR1: SIG_DFL, sa_mask[0]=00000000000000000000000000000000, sa_flags=none
SIGUSR2: [libjvm.dylib+0x45ab4e], sa_mask[0]=00100000000000000000000000000000, sa_flags=SA_RESTART|SA_SIGINFO
SIGHUP: [libjvm.dylib+0x459121], sa_mask[0]=11111111011111110111111111111111, sa_flags=SA_RESTART|SA_SIGINFO
SIGINT: [libjvm.dylib+0x459121], sa_mask[0]=11111111011111110111111111111111, sa_flags=SA_RESTART|SA_SIGINFO
SIGTERM: [libjvm.dylib+0x459121], sa_mask[0]=11111111011111110111111111111111, sa_flags=SA_RESTART|SA_SIGINFO
SIGQUIT: [libjvm.dylib+0x459121], sa_mask[0]=11111111011111110111111111111111, sa_flags=SA_RESTART|SA_SIGINFO


---------------  S Y S T E M  ---------------

OS:Bsduname:Darwin 14.0.0 Darwin Kernel Version 14.0.0: Fri Sep 19 00:26:44 PDT 2014; root:xnu-2782.1.97~2/RELEASE_X86_64 x86_64
rlimit: STACK 8192k, CORE 0k, NPROC 709, NOFILE 10240, AS infinity
load average:1.56 1.60 1.59

CPU:total 4 (2 cores per cpu, 2 threads per core) family 6 model 69 stepping 1, cmov, cx8, fxsr, mmx, sse, sse2, sse3, ssse3, sse4.1, sse4.2, popcnt, avx, avx2, aes, clmul, erms, lzcnt, ht, tsc, tscinvbit, bmi1, bmi2

Memory: 4k page, physical 8388608k(2642760k free)

/proc/meminfo:


vm_info: Java HotSpot(TM) 64-Bit Server VM (25.25-b02) for bsd-amd64 JRE (1.8.0_25-b17), built on Sep 17 2014 16:56:50 by "java_re" with gcc 4.2.1 (Based on Apple Inc. build 5658) (LLVM build 2336.11.00)

time: Mon Jan 12 15:42:34 2015
elapsed time: 18 seconds (0d 0h 0m 18s)

