#
# A fatal error has been detected by the Java Runtime Environment:
#
#  SIGSEGV (0xb) at pc=0x00007fff90bba8f2, pid=10434, tid=1811
#
# JRE version: Java(TM) SE Runtime Environment (8.0_25-b17) (build 1.8.0_25-b17)
# Java VM: Java HotSpot(TM) 64-Bit Server VM (25.25-b02 mixed mode bsd-amd64 compressed oops)
# Problematic frame:
# C  [libGPUSupportMercury.dylib+0xb8f2]  gldAttachDrawable+0x60
#
# Failed to write core dump. Core dumps have been disabled. To enable core dumping, try "ulimit -c unlimited" before starting Java again
#
# If you would like to submit a bug report, please visit:
#   http://bugreport.sun.com/bugreport/crash.jsp
# The crash happened outside the Java Virtual Machine in native code.
# See problematic frame for where to report the bug.
#

---------------  T H R E A D  ---------------

Current thread (0x00007fee3a028000):  JavaThread "AppKit Thread" daemon [_thread_in_native, id=1811, stack(0x00007fff59abe000,0x00007fff5a2be000)]

siginfo: si_signo: 11 (SIGSEGV), si_code: 0 (unknown), si_addr: 0x0000000000000000

Registers:
RAX=0x3000000000000000, RBX=0x000000000000271e, RCX=0x0000000000000000, RDX=0x00007fee3849fc68
RSP=0x00007fff5a2b88f0, RBP=0x00007fff5a2b89f0, RSI=0x0000000000000050, RDI=0x00007fff78626070
R8 =0x00007fee3b809e60, R9 =0x00007fee3b000000, R10=0x000000000000003c, R11=0x0000000000000206
R12=0x0000000000002718, R13=0x00007fee3a18c200, R14=0x0000000000000050, R15=0x0000000000000000
RIP=0x00007fff90bba8f2, EFLAGS=0x0000000000010212, ERR=0x0000000000000000
  TRAPNO=0x000000000000000d

Top of Stack: (sp=0x00007fff5a2b88f0)
0x00007fff5a2b88f0:   00007fff5a2b8964 00007fee38418720
0x00007fff5a2b8900:   ffffffffffffffff 0000206000000040
0x00007fff5a2b8910:   00007fee38418738 00007fff9538569f
0x00007fff5a2b8920:   0000000000000000 3000000000000000
0x00007fff5a2b8930:   0000000300000003 00007fff5a2b8a78
0x00007fff5a2b8940:   00007fff5a2b8a04 0000000000012563
0x00007fff5a2b8950:   00007fff5a2b89fc 00007fff5a2b8a00
0x00007fff5a2b8960:   00007fff5a2b89e0 00007fff9243edf0
0x00007fff5a2b8970:   0000000000000000 00000000000044df
0x00007fff5a2b8980:   0000003400001200 0000040b00000000
0x00007fff5a2b8990:   00007fff5a2b89c0 00007fff923f113e
0x00007fff5a2b89a0:   00007fff5a2b8a38 00000000000044df
0x00007fff5a2b89b0:   00007fff5a2b89f0 00000000388c6ccb
0x00007fff5a2b89c0:   12007875f1e14ed6 00007fee3b800000
0x00007fff5a2b89d0:   0000000000002718 0000000000000000
0x00007fff5a2b89e0:   0000000000000050 0000000000000000
0x00007fff5a2b89f0:   00007fff5a2b8a40 00007fff884d07e4
0x00007fff5a2b8a00:   00007fee3b809e60 0000000000000000
0x00007fff5a2b8a10:   00007fee3849fc68 00007fee3845cb30
0x00007fff5a2b8a20:   0000000000000000 00007fee38926750
0x00007fff5a2b8a30:   00007fee38924800 00007fff78626070
0x00007fff5a2b8a40:   00007fff5a2b8b30 00007fff871be7ac
0x00007fff5a2b8a50:   408c200000000000 4054000000000000
0x00007fff5a2b8a60:   4051000000000000 4094000000000000
0x00007fff5a2b8a70:   4087300000000000 0000000000000000
0x00007fff5a2b8a80:   4036000000000000 4094000000000000
0x00007fff5a2b8a90:   4086800000000000 0000000000000000
0x00007fff5a2b8aa0:   0000000000000000 0000000000000001
0x00007fff5a2b8ab0:   00007fee3849fc68 0000000000000001
0x00007fff5a2b8ac0:   00007fff5a2b8b30 00007fff871c364c
0x00007fff5a2b8ad0:   0000000100000003 00007fee38926750
0x00007fff5a2b8ae0:   00007fee38926688 000000028caeffff 

Instructions: (pc=0x00007fff90bba8f2)
0x00007fff90bba8d2:   48 85 d2 b8 01 00 00 00 bb 15 27 00 00 0f 44 d8
0x00007fff90bba8e2:   e9 7f 01 00 00 49 8b 45 08 48 89 85 38 ff ff ff
0x00007fff90bba8f2:   48 8b 00 48 89 85 30 ff ff ff 83 fe 4f 0f 8f fd
0x00007fff90bba902:   00 00 00 48 89 d0 bb 15 27 00 00 83 fe 35 0f 84 

Register to memory mapping:

RAX=0x3000000000000000 is an unknown value
RBX=0x000000000000271e is an unknown value
RCX=0x0000000000000000 is an unknown value
RDX=0x00007fee3849fc68 is an unknown value
RSP=0x00007fff5a2b88f0 is pointing into the stack for thread: 0x00007fee3a028000
RBP=0x00007fff5a2b89f0 is pointing into the stack for thread: 0x00007fee3a028000
RSI=0x0000000000000050 is an unknown value
RDI=0x00007fff78626070: __stack_chk_guard+0 in /usr/lib/system/libsystem_c.dylib at 0x00007fff90615000
R8 =0x00007fee3b809e60 is an unknown value
R9 =0x00007fee3b000000 is an unknown value
R10=0x000000000000003c is an unknown value
R11=0x0000000000000206 is an unknown value
R12=0x0000000000002718 is an unknown value
R13=0x00007fee3a18c200 is an unknown value
R14=0x0000000000000050 is an unknown value
R15=0x0000000000000000 is an unknown value


Stack: [0x00007fff59abe000,0x00007fff5a2be000],  sp=0x00007fff5a2b88f0,  free space=8170k
Native frames: (J=compiled Java code, j=interpreted, Vv=VM code, C=native code)
C  [libGPUSupportMercury.dylib+0xb8f2]  gldAttachDrawable+0x60
C  [GLEngine+0x167e4]  gliAttachDrawableWithOptions+0x101
C  [OpenGL+0x37ac]  glcGetIOAccelService+0xe03
C  [OpenGL+0x73f3]  CGLSetPBuffer+0xb90
C  [OpenGL+0x7716]  CGLSetSurface+0x124
C  [AppKit+0x57bf47]  NSOpenGLContextAttachOnScreenViewSurface+0x109
C  [AppKit+0x2c66ab]  -[NSOpenGLContext setView:]+0x83
C  [liblwjgl.jnilib+0x9f3e]  -[MacOSXOpenGLView lockFocus]+0x6e
C  [AppKit+0x14e775]  -[NSView _recursiveDisplayRectIfNeededIgnoringOpacity:isVisibleRect:rectIsVisibleRectForView:topView:]+0x740
C  [AppKit+0x14f7d0]  -[NSView _recursiveDisplayRectIfNeededIgnoringOpacity:isVisibleRect:rectIsVisibleRectForView:topView:]+0x179b
C  [AppKit+0x14db23]  -[NSThemeFrame _recursiveDisplayRectIfNeededIgnoringOpacity:isVisibleRect:rectIsVisibleRectForView:topView:]+0x14d
C  [AppKit+0x14a67b]  -[NSView _displayRectIgnoringOpacity:isVisibleRect:rectIsVisibleRectForView:]+0xac9
C  [AppKit+0x12907a]  -[NSView displayIfNeeded]+0x754
C  [AppKit+0x146575]  -[NSWindow displayIfNeeded]+0xe8
C  [AppKit+0x183772]  _handleWindowNeedsDisplayOrLayoutOrUpdateConstraints+0x3a8
C  [AppKit+0x748cf1]  __83-[NSWindow _postWindowNeedsDisplayOrLayoutOrUpdateConstraintsUnlessPostingDisabled]_block_invoke1523+0x2e
C  [CoreFoundation+0x7fd87]  __CFRUNLOOP_IS_CALLING_OUT_TO_AN_OBSERVER_CALLBACK_FUNCTION__+0x17
C  [CoreFoundation+0x7fce0]  __CFRunLoopDoObservers+0x170
C  [CoreFoundation+0x71de8]  __CFRunLoopRun+0x368
C  [CoreFoundation+0x71838]  CFRunLoopRunSpecific+0x128
C  [HIToolbox+0x2e43f]  RunCurrentEventLoopInMode+0xeb
C  [HIToolbox+0x2e0be]  ReceiveNextEventCommon+0xb3
C  [HIToolbox+0x2dffb]  _BlockUntilNextEventMatchingListInModeWithFilter+0x47
C  [AppKit+0x246d1]  _DPSNextEvent+0x3c4
C  [AppKit+0x23e80]  -[NSApplication nextEventMatchingMask:untilDate:inMode:dequeue:]+0xc2
C  [libosxapp.dylib+0x242a]  -[NSApplicationAWT nextEventMatchingMask:untilDate:inMode:dequeue:]+0x7c
C  [AppKit+0x17e23]  -[NSApplication run]+0x252
C  [libosxapp.dylib+0x223e]  +[NSApplicationAWT runAWTLoopWithApp:]+0x9c
C  [libawt_lwawt.dylib+0x4494f]  -[AWTStarter starter:]+0x389
C  [Foundation+0x65f4c]  __NSThreadPerformPerform+0x125
C  [CoreFoundation+0x80661]  __CFRUNLOOP_IS_CALLING_OUT_TO_A_SOURCE0_PERFORM_FUNCTION__+0x11
C  [CoreFoundation+0x727ed]  __CFRunLoopDoSources0+0x10d
C  [CoreFoundation+0x71e1f]  __CFRunLoopRun+0x39f
C  [CoreFoundation+0x71838]  CFRunLoopRunSpecific+0x128
C  [java+0x56cc]  CreateExecutionEnvironment+0x367
C  [java+0x165c]  JLI_Launch+0x7a0
C  [java+0x768a]  main+0x65
C  [java+0xeb4]  start+0x34
C  0x0000000000000006


---------------  P R O C E S S  ---------------

Java Threads: ( => current thread )
  0x00007fee38811000 JavaThread "AWT-Shutdown" [_thread_blocked, id=24391, stack(0x0000000124cda000,0x0000000124dda000)]
=>0x00007fee3a028000 JavaThread "AppKit Thread" daemon [_thread_in_native, id=1811, stack(0x00007fff59abe000,0x00007fff5a2be000)]
  0x00007fee39075000 JavaThread "Service Thread" daemon [_thread_blocked, id=18179, stack(0x000000011ef8f000,0x000000011f08f000)]
  0x00007fee3a01a000 JavaThread "C1 CompilerThread2" daemon [_thread_blocked, id=17667, stack(0x000000011ee8c000,0x000000011ef8c000)]
  0x00007fee3a019000 JavaThread "C2 CompilerThread1" daemon [_thread_blocked, id=17155, stack(0x000000011ed89000,0x000000011ee89000)]
  0x00007fee3a017800 JavaThread "C2 CompilerThread0" daemon [_thread_blocked, id=16643, stack(0x000000011ec86000,0x000000011ed86000)]
  0x00007fee3a027800 JavaThread "Signal Dispatcher" daemon [_thread_blocked, id=13335, stack(0x000000011eb83000,0x000000011ec83000)]
  0x00007fee39067800 JavaThread "Finalizer" daemon [_thread_blocked, id=11523, stack(0x000000011d23e000,0x000000011d33e000)]
  0x00007fee39066800 JavaThread "Reference Handler" daemon [_thread_blocked, id=11011, stack(0x000000011d13b000,0x000000011d23b000)]
  0x00007fee39008000 JavaThread "main" [_thread_in_native, id=4867, stack(0x0000000105a58000,0x0000000105b58000)]

Other Threads:
  0x00007fee3a001000 VMThread [stack: 0x000000011d038000,0x000000011d138000] [id=10499]
  0x00007fee3906b000 WatcherThread [stack: 0x000000011f092000,0x000000011f192000] [id=18691]

VM state:not at safepoint (normal execution)

VM Mutex/Monitor currently owned by a thread: None

Heap:
 PSYoungGen      total 33792K, used 32298K [0x0000000795580000, 0x0000000797b00000, 0x00000007c0000000)
  eden space 32256K, 96% used [0x0000000795580000,0x00000007973dab40,0x0000000797500000)
  from space 1536K, 79% used [0x0000000797980000,0x0000000797ab0020,0x0000000797b00000)
  to   space 2048K, 0% used [0x0000000797700000,0x0000000797700000,0x0000000797900000)
 ParOldGen       total 87552K, used 48K [0x0000000740000000, 0x0000000745580000, 0x0000000795580000)
  object space 87552K, 0% used [0x0000000740000000,0x000000074000c000,0x0000000745580000)
 Metaspace       used 6712K, capacity 6805K, committed 6912K, reserved 1056768K
  class space    used 649K, capacity 693K, committed 768K, reserved 1048576K

Card table byte_map: [0x00000001166dc000,0x0000000116add000] byte_map_base: 0x0000000112cdc000

Marking Bits: (ParMarkBitMap*) 0x0000000106c9d390
 Begin Bits: [0x0000000117194000, 0x0000000119194000)
 End Bits:   [0x0000000119194000, 0x000000011b194000)

Polling page: 0x0000000105b9c000

CodeCache: size=245760Kb used=3180Kb max_used=3192Kb free=242579Kb
 bounds [0x000000010731c000, 0x000000010764c000, 0x000000011631c000]
 total_blobs=1205 nmethods=807 adapters=313
 compilation: enabled

Compilation events (10 events):
Event: 49.748 Thread 0x00007fee3a01a000  802       3       java.nio.Bits::int3 (6 bytes)
Event: 49.749 Thread 0x00007fee3a01a000 nmethod 802 0x00000001076283d0 code [0x0000000107628520, 0x0000000107628650]
Event: 49.749 Thread 0x00007fee3a01a000  803       3       java.nio.Bits::int2 (6 bytes)
Event: 49.749 Thread 0x00007fee3a01a000 nmethod 803 0x00000001076280d0 code [0x0000000107628220, 0x0000000107628350]
Event: 49.749 Thread 0x00007fee3a01a000  804       3       java.nio.Bits::int1 (6 bytes)
Event: 49.750 Thread 0x00007fee3a01a000 nmethod 804 0x0000000107627dd0 code [0x0000000107627f20, 0x0000000107628050]
Event: 49.750 Thread 0x00007fee3a01a000  805       3       java.nio.Bits::int0 (3 bytes)
Event: 49.750 Thread 0x00007fee3a01a000 nmethod 805 0x0000000107627ad0 code [0x0000000107627c20, 0x0000000107627d50]
Event: 49.750 Thread 0x00007fee3a01a000  806       3       java.nio.Bits::putIntB (43 bytes)
Event: 49.751 Thread 0x00007fee3a01a000 nmethod 806 0x000000010763a490 code [0x000000010763a640, 0x000000010763ac18]

GC Heap History (10 events):
Event: 12.183 GC heap before
{Heap before GC invocations=2 (full 0):
 PSYoungGen      total 38400K, used 35207K [0x0000000795580000, 0x0000000798000000, 0x00000007c0000000)
  eden space 33280K, 100% used [0x0000000795580000,0x0000000797600000,0x0000000797600000)
  from space 5120K, 37% used [0x0000000797600000,0x00000007977e1df8,0x0000000797b00000)
  to   space 5120K, 0% used [0x0000000797b00000,0x0000000797b00000,0x0000000798000000)
 ParOldGen       total 87552K, used 16K [0x0000000740000000, 0x0000000745580000, 0x0000000795580000)
  object space 87552K, 0% used [0x0000000740000000,0x0000000740004000,0x0000000745580000)
 Metaspace       used 6667K, capacity 6805K, committed 6912K, reserved 1056768K
  class space    used 644K, capacity 693K, committed 768K, reserved 1048576K
Event: 12.185 GC heap after
Heap after GC invocations=2 (full 0):
 PSYoungGen      total 38400K, used 1200K [0x0000000795580000, 0x0000000798000000, 0x00000007c0000000)
  eden space 33280K, 0% used [0x0000000795580000,0x0000000795580000,0x0000000797600000)
  from space 5120K, 23% used [0x0000000797b00000,0x0000000797c2c010,0x0000000798000000)
  to   space 5120K, 0% used [0x0000000797600000,0x0000000797600000,0x0000000797b00000)
 ParOldGen       total 87552K, used 24K [0x0000000740000000, 0x0000000745580000, 0x0000000795580000)
  object space 87552K, 0% used [0x0000000740000000,0x0000000740006000,0x0000000745580000)
 Metaspace       used 6667K, capacity 6805K, committed 6912K, reserved 1056768K
  class space    used 644K, capacity 693K, committed 768K, reserved 1048576K
}
Event: 19.757 GC heap before
{Heap before GC invocations=3 (full 0):
 PSYoungGen      total 38400K, used 34480K [0x0000000795580000, 0x0000000798000000, 0x00000007c0000000)
  eden space 33280K, 100% used [0x0000000795580000,0x0000000797600000,0x0000000797600000)
  from space 5120K, 23% used [0x0000000797b00000,0x0000000797c2c010,0x0000000798000000)
  to   space 5120K, 0% used [0x0000000797600000,0x0000000797600000,0x0000000797b00000)
 ParOldGen       total 87552K, used 24K [0x0000000740000000, 0x0000000745580000, 0x0000000795580000)
  object space 87552K, 0% used [0x0000000740000000,0x0000000740006000,0x0000000745580000)
 Metaspace       used 6700K, capacity 6805K, committed 6912K, reserved 1056768K
  class space    used 648K, capacity 693K, committed 768K, reserved 1048576K
Event: 19.763 GC heap after
Heap after GC invocations=3 (full 0):
 PSYoungGen      total 38400K, used 1248K [0x0000000795580000, 0x0000000798000000, 0x00000007c0000000)
  eden space 33280K, 0% used [0x0000000795580000,0x0000000795580000,0x0000000797600000)
  from space 5120K, 24% used [0x0000000797600000,0x0000000797738020,0x0000000797b00000)
  to   space 5120K, 0% used [0x0000000797b00000,0x0000000797b00000,0x0000000798000000)
 ParOldGen       total 87552K, used 24K [0x0000000740000000, 0x0000000745580000, 0x0000000795580000)
  object space 87552K, 0% used [0x0000000740000000,0x0000000740006000,0x0000000745580000)
 Metaspace       used 6700K, capacity 6805K, committed 6912K, reserved 1056768K
  class space    used 648K, capacity 693K, committed 768K, reserved 1048576K
}
Event: 28.311 GC heap before
{Heap before GC invocations=4 (full 0):
 PSYoungGen      total 38400K, used 34528K [0x0000000795580000, 0x0000000798000000, 0x00000007c0000000)
  eden space 33280K, 100% used [0x0000000795580000,0x0000000797600000,0x0000000797600000)
  from space 5120K, 24% used [0x0000000797600000,0x0000000797738020,0x0000000797b00000)
  to   space 5120K, 0% used [0x0000000797b00000,0x0000000797b00000,0x0000000798000000)
 ParOldGen       total 87552K, used 24K [0x0000000740000000, 0x0000000745580000, 0x0000000795580000)
  object space 87552K, 0% used [0x0000000740000000,0x0000000740006000,0x0000000745580000)
 Metaspace       used 6701K, capacity 6805K, committed 6912K, reserved 1056768K
  class space    used 649K, capacity 693K, committed 768K, reserved 1048576K
Event: 28.317 GC heap after
Heap after GC invocations=4 (full 0):
 PSYoungGen      total 38400K, used 1200K [0x0000000795580000, 0x0000000798000000, 0x00000007c0000000)
  eden space 33280K, 0% used [0x0000000795580000,0x0000000795580000,0x0000000797600000)
  from space 5120K, 23% used [0x0000000797b00000,0x0000000797c2c010,0x0000000798000000)
  to   space 5120K, 0% used [0x0000000797600000,0x0000000797600000,0x0000000797b00000)
 ParOldGen       total 87552K, used 32K [0x0000000740000000, 0x0000000745580000, 0x0000000795580000)
  object space 87552K, 0% used [0x0000000740000000,0x0000000740008000,0x0000000745580000)
 Metaspace       used 6701K, capacity 6805K, committed 6912K, reserved 1056768K
  class space    used 649K, capacity 693K, committed 768K, reserved 1048576K
}
Event: 36.986 GC heap before
{Heap before GC invocations=5 (full 0):
 PSYoungGen      total 38400K, used 34480K [0x0000000795580000, 0x0000000798000000, 0x00000007c0000000)
  eden space 33280K, 100% used [0x0000000795580000,0x0000000797600000,0x0000000797600000)
  from space 5120K, 23% used [0x0000000797b00000,0x0000000797c2c010,0x0000000798000000)
  to   space 5120K, 0% used [0x0000000797600000,0x0000000797600000,0x0000000797b00000)
 ParOldGen       total 87552K, used 32K [0x0000000740000000, 0x0000000745580000, 0x0000000795580000)
  object space 87552K, 0% used [0x0000000740000000,0x0000000740008000,0x0000000745580000)
 Metaspace       used 6703K, capacity 6805K, committed 6912K, reserved 1056768K
  class space    used 649K, capacity 693K, committed 768K, reserved 1048576K
Event: 36.993 GC heap after
Heap after GC invocations=5 (full 0):
 PSYoungGen      total 34304K, used 1200K [0x0000000795580000, 0x0000000797b80000, 0x00000007c0000000)
  eden space 32768K, 0% used [0x0000000795580000,0x0000000795580000,0x0000000797580000)
  from space 1536K, 78% used [0x0000000797600000,0x000000079772c010,0x0000000797780000)
  to   space 2048K, 0% used [0x0000000797980000,0x0000000797980000,0x0000000797b80000)
 ParOldGen       total 87552K, used 40K [0x0000000740000000, 0x0000000745580000, 0x0000000795580000)
  object space 87552K, 0% used [0x0000000740000000,0x000000074000a000,0x0000000745580000)
 Metaspace       used 6703K, capacity 6805K, committed 6912K, reserved 1056768K
  class space    used 649K, capacity 693K, committed 768K, reserved 1048576K
}
Event: 43.855 GC heap before
{Heap before GC invocations=6 (full 0):
 PSYoungGen      total 34304K, used 33968K [0x0000000795580000, 0x0000000797b80000, 0x00000007c0000000)
  eden space 32768K, 100% used [0x0000000795580000,0x0000000797580000,0x0000000797580000)
  from space 1536K, 78% used [0x0000000797600000,0x000000079772c010,0x0000000797780000)
  to   space 2048K, 0% used [0x0000000797980000,0x0000000797980000,0x0000000797b80000)
 ParOldGen       total 87552K, used 40K [0x0000000740000000, 0x0000000745580000, 0x0000000795580000)
  object space 87552K, 0% used [0x0000000740000000,0x000000074000a000,0x0000000745580000)
 Metaspace       used 6705K, capacity 6805K, committed 6912K, reserved 1056768K
  class space    used 649K, capacity 693K, committed 768K, reserved 1048576K
Event: 43.862 GC heap after
Heap after GC invocations=6 (full 0):
 PSYoungGen      total 33792K, used 1216K [0x0000000795580000, 0x0000000797b00000, 0x00000007c0000000)
  eden space 32256K, 0% used [0x0000000795580000,0x0000000795580000,0x0000000797500000)
  from space 1536K, 79% used [0x0000000797980000,0x0000000797ab0020,0x0000000797b00000)
  to   space 2048K, 0% used [0x0000000797700000,0x0000000797700000,0x0000000797900000)
 ParOldGen       total 87552K, used 48K [0x0000000740000000, 0x0000000745580000, 0x0000000795580000)
  object space 87552K, 0% used [0x0000000740000000,0x000000074000c000,0x0000000745580000)
 Metaspace       used 6705K, capacity 6805K, committed 6912K, reserved 1056768K
  class space    used 649K, capacity 693K, committed 768K, reserved 1048576K
}

Deoptimization events (2 events):
Event: 0.849 Thread 0x00007fee39008000 Uncommon trap: reason=intrinsic action=make_not_entrant pc=0x00000001075410e0 method=de.tEngine.math.Matrix4f.determinant([[F)F @ 51
Event: 3.732 Thread 0x00007fee39008000 Uncommon trap: reason=intrinsic action=make_not_entrant pc=0x000000010759a35c method=de.tEngine.math.Matrix4f.getAdjoint()Lde/tEngine/math/Matrix4f; @ 32

Internal exceptions (10 events):
Event: 0.642 Thread 0x00007fee39008000 Exception <a 'java/security/PrivilegedActionException'> (0x0000000795ff2170) thrown at [/HUDSON3/workspace/8-2-build-macosx-x86_64/jdk8u25/1514/hotspot/src/share/vm/prims/jvm.cpp, line 1312]
Event: 0.642 Thread 0x00007fee39008000 Exception <a 'java/security/PrivilegedActionException'> (0x0000000795ff42e0) thrown at [/HUDSON3/workspace/8-2-build-macosx-x86_64/jdk8u25/1514/hotspot/src/share/vm/prims/jvm.cpp, line 1312]
Event: 0.642 Thread 0x00007fee39008000 Exception <a 'java/security/PrivilegedActionException'> (0x0000000795ff67d0) thrown at [/HUDSON3/workspace/8-2-build-macosx-x86_64/jdk8u25/1514/hotspot/src/share/vm/prims/jvm.cpp, line 1312]
Event: 0.645 Thread 0x00007fee39008000 Exception <a 'java/security/PrivilegedActionException'> (0x00000007960088c8) thrown at [/HUDSON3/workspace/8-2-build-macosx-x86_64/jdk8u25/1514/hotspot/src/share/vm/prims/jvm.cpp, line 1312]
Event: 0.646 Thread 0x00007fee39008000 Exception <a 'java/security/PrivilegedActionException'> (0x000000079600c4e0) thrown at [/HUDSON3/workspace/8-2-build-macosx-x86_64/jdk8u25/1514/hotspot/src/share/vm/prims/jvm.cpp, line 1312]
Event: 0.650 Thread 0x00007fee39008000 Exception <a 'java/security/PrivilegedActionException'> (0x000000079601d310) thrown at [/HUDSON3/workspace/8-2-build-macosx-x86_64/jdk8u25/1514/hotspot/src/share/vm/prims/jvm.cpp, line 1312]
Event: 0.653 Thread 0x00007fee39008000 Exception <a 'java/security/PrivilegedActionException'> (0x000000079602ea60) thrown at [/HUDSON3/workspace/8-2-build-macosx-x86_64/jdk8u25/1514/hotspot/src/share/vm/prims/jvm.cpp, line 1312]
Event: 0.655 Thread 0x00007fee39008000 Exception <a 'java/security/PrivilegedActionException'> (0x000000079603e238) thrown at [/HUDSON3/workspace/8-2-build-macosx-x86_64/jdk8u25/1514/hotspot/src/share/vm/prims/jvm.cpp, line 1312]
Event: 0.656 Thread 0x00007fee39008000 Exception <a 'java/security/PrivilegedActionException'> (0x0000000796049d70) thrown at [/HUDSON3/workspace/8-2-build-macosx-x86_64/jdk8u25/1514/hotspot/src/share/vm/prims/jvm.cpp, line 1312]
Event: 0.662 Thread 0x00007fee39008000 Exception <a 'java/security/PrivilegedActionException'> (0x0000000796058908) thrown at [/HUDSON3/workspace/8-2-build-macosx-x86_64/jdk8u25/1514/hotspot/src/share/vm/prims/jvm.cpp, line 1312]

Events (10 events):
Event: 45.966 Executing VM operation: RevokeBias
Event: 45.966 Executing VM operation: RevokeBias done
Event: 45.966 Thread 0x00007fee3a294800 Thread exited: 0x00007fee3a294800
Event: 46.253 Thread 0x00007fee3a294800 Thread added: 0x00007fee3a294800
Event: 47.574 Executing VM operation: RevokeBias
Event: 47.574 Executing VM operation: RevokeBias done
Event: 47.574 Thread 0x00007fee3a294800 Thread exited: 0x00007fee3a294800
Event: 48.733 Thread 0x00007fee38811000 Thread added: 0x00007fee38811000
Event: 50.316 loading class org/lwjgl/opengl/CallbackUtil
Event: 50.316 loading class org/lwjgl/opengl/CallbackUtil done


Dynamic libraries:
0x0000000006f0f000 	/System/Library/Frameworks/Cocoa.framework/Versions/A/Cocoa
0x0000000006f0f000 	/System/Library/Frameworks/Security.framework/Versions/A/Security
0x0000000006f0f000 	/System/Library/Frameworks/ApplicationServices.framework/Versions/A/ApplicationServices
0x0000000006f0f000 	/usr/lib/libz.1.dylib
0x0000000006f0f000 	/usr/lib/libSystem.B.dylib
0x0000000006f0f000 	/usr/lib/libobjc.A.dylib
0x0000000006f0f000 	/System/Library/Frameworks/CoreFoundation.framework/Versions/A/CoreFoundation
0x0000000006f0f000 	/System/Library/Frameworks/Foundation.framework/Versions/C/Foundation
0x0000000006f0f000 	/System/Library/Frameworks/AppKit.framework/Versions/C/AppKit
0x0000000006f0f000 	/System/Library/Frameworks/CoreData.framework/Versions/A/CoreData
0x0000000006f0f000 	/System/Library/PrivateFrameworks/RemoteViewServices.framework/Versions/A/RemoteViewServices
0x0000000006f0f000 	/System/Library/PrivateFrameworks/UIFoundation.framework/Versions/A/UIFoundation
0x0000000006f0f000 	/System/Library/Frameworks/IOSurface.framework/Versions/A/IOSurface
0x0000000006f0f000 	/System/Library/Frameworks/AudioToolbox.framework/Versions/A/AudioToolbox
0x0000000006f0f000 	/System/Library/Frameworks/AudioUnit.framework/Versions/A/AudioUnit
0x0000000006f0f000 	/System/Library/PrivateFrameworks/DataDetectorsCore.framework/Versions/A/DataDetectorsCore
0x0000000006f0f000 	/System/Library/PrivateFrameworks/DesktopServicesPriv.framework/Versions/A/DesktopServicesPriv
0x0000000006f0f000 	/System/Library/Frameworks/Carbon.framework/Versions/A/Frameworks/HIToolbox.framework/Versions/A/HIToolbox
0x0000000006f0f000 	/System/Library/Frameworks/QuartzCore.framework/Versions/A/QuartzCore
0x0000000006f0f000 	/System/Library/Frameworks/Carbon.framework/Versions/A/Frameworks/SpeechRecognition.framework/Versions/A/SpeechRecognition
0x0000000006f0f000 	/usr/lib/libauto.dylib
0x0000000006f0f000 	/usr/lib/libicucore.A.dylib
0x0000000006f0f000 	/usr/lib/libxml2.2.dylib
0x0000000006f0f000 	/System/Library/PrivateFrameworks/CoreUI.framework/Versions/A/CoreUI
0x0000000006f0f000 	/System/Library/Frameworks/CoreAudio.framework/Versions/A/CoreAudio
0x0000000006f0f000 	/System/Library/Frameworks/DiskArbitration.framework/Versions/A/DiskArbitration
0x0000000006f0f000 	/usr/lib/liblangid.dylib
0x0000000006f0f000 	/System/Library/PrivateFrameworks/MultitouchSupport.framework/Versions/A/MultitouchSupport
0x0000000006f0f000 	/System/Library/Frameworks/IOKit.framework/Versions/A/IOKit
0x0000000006f0f000 	/usr/lib/libDiagnosticMessagesClient.dylib
0x0000000006f0f000 	/System/Library/Frameworks/CoreServices.framework/Versions/A/CoreServices
0x0000000006f0f000 	/System/Library/PrivateFrameworks/PerformanceAnalysis.framework/Versions/A/PerformanceAnalysis
0x0000000006f0f000 	/System/Library/PrivateFrameworks/GenerationalStorage.framework/Versions/A/GenerationalStorage
0x0000000006f0f000 	/System/Library/Frameworks/OpenGL.framework/Versions/A/OpenGL
0x0000000006f0f000 	/System/Library/PrivateFrameworks/Sharing.framework/Versions/A/Sharing
0x0000000006f0f000 	/System/Library/Frameworks/CoreGraphics.framework/Versions/A/CoreGraphics
0x0000000006f0f000 	/System/Library/Frameworks/CoreText.framework/Versions/A/CoreText
0x0000000006f0f000 	/System/Library/Frameworks/ImageIO.framework/Versions/A/ImageIO
0x0000000006f0f000 	/usr/lib/libextension.dylib
0x0000000006f0f000 	/System/Library/PrivateFrameworks/Backup.framework/Versions/A/Backup
0x0000000006f0f000 	/usr/lib/libarchive.2.dylib
0x0000000006f0f000 	/System/Library/Frameworks/CFNetwork.framework/Versions/A/CFNetwork
0x0000000006f0f000 	/System/Library/Frameworks/SystemConfiguration.framework/Versions/A/SystemConfiguration
0x0000000006f0f000 	/usr/lib/libCRFSuite.dylib
0x0000000006f0f000 	/usr/lib/libc++.1.dylib
0x0000000006f0f000 	/usr/lib/libc++abi.dylib
0x0000000006f0f000 	/usr/lib/system/libcache.dylib
0x0000000006f0f000 	/usr/lib/system/libcommonCrypto.dylib
0x0000000006f0f000 	/usr/lib/system/libcompiler_rt.dylib
0x0000000006f0f000 	/usr/lib/system/libcopyfile.dylib
0x0000000006f0f000 	/usr/lib/system/libcorecrypto.dylib
0x0000000006f0f000 	/usr/lib/system/libdispatch.dylib
0x0000000006f0f000 	/usr/lib/system/libdyld.dylib
0x0000000006f0f000 	/usr/lib/system/libkeymgr.dylib
0x0000000006f0f000 	/usr/lib/system/liblaunch.dylib
0x0000000006f0f000 	/usr/lib/system/libmacho.dylib
0x0000000006f0f000 	/usr/lib/system/libquarantine.dylib
0x0000000006f0f000 	/usr/lib/system/libremovefile.dylib
0x0000000006f0f000 	/usr/lib/system/libsystem_asl.dylib
0x0000000006f0f000 	/usr/lib/system/libsystem_blocks.dylib
0x0000000006f0f000 	/usr/lib/system/libsystem_c.dylib
0x0000000006f0f000 	/usr/lib/system/libsystem_configuration.dylib
0x0000000006f0f000 	/usr/lib/system/libsystem_coreservices.dylib
0x0000000006f0f000 	/usr/lib/system/libsystem_coretls.dylib
0x0000000006f0f000 	/usr/lib/system/libsystem_dnssd.dylib
0x0000000006f0f000 	/usr/lib/system/libsystem_info.dylib
0x0000000006f0f000 	/usr/lib/system/libsystem_kernel.dylib
0x0000000006f0f000 	/usr/lib/system/libsystem_m.dylib
0x0000000006f0f000 	/usr/lib/system/libsystem_malloc.dylib
0x0000000006f0f000 	/usr/lib/system/libsystem_network.dylib
0x0000000006f0f000 	/usr/lib/system/libsystem_networkextension.dylib
0x0000000006f0f000 	/usr/lib/system/libsystem_notify.dylib
0x0000000006f0f000 	/usr/lib/system/libsystem_platform.dylib
0x0000000006f0f000 	/usr/lib/system/libsystem_pthread.dylib
0x0000000006f0f000 	/usr/lib/system/libsystem_sandbox.dylib
0x0000000006f0f000 	/usr/lib/system/libsystem_secinit.dylib
0x0000000006f0f000 	/usr/lib/system/libsystem_stats.dylib
0x0000000006f0f000 	/usr/lib/system/libsystem_trace.dylib
0x0000000006f0f000 	/usr/lib/system/libunc.dylib
0x0000000006f0f000 	/usr/lib/system/libunwind.dylib
0x0000000006f0f000 	/usr/lib/system/libxpc.dylib
0x0000000006f0f000 	/usr/lib/libbz2.1.0.dylib
0x0000000006f0f000 	/usr/lib/liblzma.5.dylib
0x0000000006f0f000 	/usr/lib/libbsm.0.dylib
0x0000000006f0f000 	/usr/lib/libsqlite3.dylib
0x0000000006f0f000 	/usr/lib/system/libkxld.dylib
0x0000000006f0f000 	/usr/lib/libxar.1.dylib
0x0000000006f0f000 	/usr/lib/libpam.2.dylib
0x0000000006f0f000 	/usr/lib/libOpenScriptingUtil.dylib
0x0000000006f0f000 	/System/Library/Frameworks/CoreServices.framework/Versions/A/Frameworks/FSEvents.framework/Versions/A/FSEvents
0x0000000006f0f000 	/System/Library/Frameworks/CoreServices.framework/Versions/A/Frameworks/CarbonCore.framework/Versions/A/CarbonCore
0x0000000006f0f000 	/System/Library/Frameworks/CoreServices.framework/Versions/A/Frameworks/Metadata.framework/Versions/A/Metadata
0x0000000006f0f000 	/System/Library/Frameworks/CoreServices.framework/Versions/A/Frameworks/OSServices.framework/Versions/A/OSServices
0x0000000006f0f000 	/System/Library/Frameworks/CoreServices.framework/Versions/A/Frameworks/SearchKit.framework/Versions/A/SearchKit
0x0000000006f0f000 	/System/Library/Frameworks/CoreServices.framework/Versions/A/Frameworks/AE.framework/Versions/A/AE
0x0000000006f0f000 	/System/Library/Frameworks/CoreServices.framework/Versions/A/Frameworks/LaunchServices.framework/Versions/A/LaunchServices
0x0000000006f0f000 	/System/Library/Frameworks/CoreServices.framework/Versions/A/Frameworks/DictionaryServices.framework/Versions/A/DictionaryServices
0x0000000006f0f000 	/System/Library/Frameworks/NetFS.framework/Versions/A/NetFS
0x0000000006f0f000 	/System/Library/PrivateFrameworks/NetAuth.framework/Versions/A/NetAuth
0x0000000006f0f000 	/System/Library/PrivateFrameworks/login.framework/Versions/A/Frameworks/loginsupport.framework/Versions/A/loginsupport
0x0000000006f0f000 	/System/Library/PrivateFrameworks/TCC.framework/Versions/A/TCC
0x0000000006f0f000 	/usr/lib/libmecabra.dylib
0x0000000006f0f000 	/System/Library/PrivateFrameworks/LanguageModeling.framework/Versions/A/LanguageModeling
0x0000000006f0f000 	/usr/lib/libcmph.dylib
0x0000000006f0f000 	/usr/lib/libiconv.2.dylib
0x0000000006f0f000 	/System/Library/Frameworks/OpenDirectory.framework/Versions/A/Frameworks/CFOpenDirectory.framework/Versions/A/CFOpenDirectory
0x0000000006f0f000 	/System/Library/Frameworks/ServiceManagement.framework/Versions/A/ServiceManagement
0x0000000006f0f000 	/usr/lib/libxslt.1.dylib
0x0000000006f0f000 	/System/Library/Frameworks/Carbon.framework/Versions/A/Frameworks/Ink.framework/Versions/A/Ink
0x0000000006f0f000 	/System/Library/Frameworks/ApplicationServices.framework/Versions/A/Frameworks/ATS.framework/Versions/A/ATS
0x0000000006f0f000 	/System/Library/Frameworks/ApplicationServices.framework/Versions/A/Frameworks/ColorSync.framework/Versions/A/ColorSync
0x0000000006f0f000 	/System/Library/Frameworks/ApplicationServices.framework/Versions/A/Frameworks/HIServices.framework/Versions/A/HIServices
0x0000000006f0f000 	/System/Library/Frameworks/ApplicationServices.framework/Versions/A/Frameworks/LangAnalysis.framework/Versions/A/LangAnalysis
0x0000000006f0f000 	/System/Library/Frameworks/ApplicationServices.framework/Versions/A/Frameworks/PrintCore.framework/Versions/A/PrintCore
0x0000000006f0f000 	/System/Library/Frameworks/ApplicationServices.framework/Versions/A/Frameworks/QD.framework/Versions/A/QD
0x0000000006f0f000 	/System/Library/Frameworks/ApplicationServices.framework/Versions/A/Frameworks/SpeechSynthesis.framework/Versions/A/SpeechSynthesis
0x0000000006f0f000 	/System/Library/Frameworks/Accelerate.framework/Versions/A/Accelerate
0x0000000006f0f000 	/System/Library/Frameworks/Accelerate.framework/Versions/A/Frameworks/vImage.framework/Versions/A/vImage
0x0000000006f0f000 	/System/Library/Frameworks/Accelerate.framework/Versions/A/Frameworks/vecLib.framework/Versions/A/vecLib
0x0000000006f0f000 	/System/Library/Frameworks/Accelerate.framework/Versions/A/Frameworks/vecLib.framework/Versions/A/libvDSP.dylib
0x0000000006f0f000 	/System/Library/Frameworks/Accelerate.framework/Versions/A/Frameworks/vecLib.framework/Versions/A/libvMisc.dylib
0x0000000006f0f000 	/System/Library/Frameworks/Accelerate.framework/Versions/A/Frameworks/vecLib.framework/Versions/A/libLAPACK.dylib
0x0000000006f0f000 	/System/Library/Frameworks/Accelerate.framework/Versions/A/Frameworks/vecLib.framework/Versions/A/libBLAS.dylib
0x0000000006f0f000 	/System/Library/Frameworks/Accelerate.framework/Versions/A/Frameworks/vecLib.framework/Versions/A/libLinearAlgebra.dylib
0x0000000006f0f000 	/System/Library/Frameworks/ApplicationServices.framework/Versions/A/Frameworks/ATS.framework/Versions/A/Resources/libFontParser.dylib
0x0000000006f0f000 	/System/Library/Frameworks/ApplicationServices.framework/Versions/A/Frameworks/ATS.framework/Versions/A/Resources/libFontRegistry.dylib
0x0000000006f0f000 	/System/Library/PrivateFrameworks/AppleVPA.framework/Versions/A/AppleVPA
0x0000000006f0f000 	/System/Library/PrivateFrameworks/AppleJPEG.framework/Versions/A/AppleJPEG
0x0000000006f0f000 	/System/Library/Frameworks/ImageIO.framework/Versions/A/Resources/libJPEG.dylib
0x0000000006f0f000 	/System/Library/Frameworks/ImageIO.framework/Versions/A/Resources/libTIFF.dylib
0x0000000006f0f000 	/System/Library/Frameworks/ImageIO.framework/Versions/A/Resources/libPng.dylib
0x0000000006f0f000 	/System/Library/Frameworks/ImageIO.framework/Versions/A/Resources/libGIF.dylib
0x0000000006f0f000 	/System/Library/Frameworks/ImageIO.framework/Versions/A/Resources/libJP2.dylib
0x0000000006f0f000 	/System/Library/Frameworks/ImageIO.framework/Versions/A/Resources/libRadiance.dylib
0x0000000006f0f000 	/System/Library/Frameworks/CoreVideo.framework/Versions/A/CoreVideo
0x0000000006f0f000 	/System/Library/Frameworks/OpenGL.framework/Versions/A/Libraries/libGLU.dylib
0x0000000006f0f000 	/System/Library/Frameworks/OpenGL.framework/Versions/A/Libraries/libGFXShared.dylib
0x0000000006f0f000 	/System/Library/Frameworks/OpenGL.framework/Versions/A/Libraries/libGL.dylib
0x0000000006f0f000 	/System/Library/Frameworks/OpenGL.framework/Versions/A/Libraries/libGLImage.dylib
0x0000000006f0f000 	/System/Library/Frameworks/OpenGL.framework/Versions/A/Libraries/libCVMSPluginSupport.dylib
0x0000000006f0f000 	/System/Library/Frameworks/OpenGL.framework/Versions/A/Libraries/libCoreVMClient.dylib
0x0000000006f0f000 	/usr/lib/libcups.2.dylib
0x0000000006f0f000 	/System/Library/Frameworks/Kerberos.framework/Versions/A/Kerberos
0x0000000006f0f000 	/System/Library/Frameworks/GSS.framework/Versions/A/GSS
0x0000000006f0f000 	/usr/lib/libresolv.9.dylib
0x0000000006f0f000 	/System/Library/PrivateFrameworks/Heimdal.framework/Versions/A/Heimdal
0x0000000006f0f000 	/usr/lib/libheimdal-asn1.dylib
0x0000000006f0f000 	/System/Library/Frameworks/OpenDirectory.framework/Versions/A/OpenDirectory
0x0000000006f0f000 	/System/Library/PrivateFrameworks/CommonAuth.framework/Versions/A/CommonAuth
0x0000000006f0f000 	/System/Library/Frameworks/SecurityFoundation.framework/Versions/A/SecurityFoundation
0x0000000006f0f000 	/System/Library/Frameworks/QuartzCore.framework/Versions/A/Frameworks/CoreImage.framework/Versions/A/CoreImage
0x0000000006f0f000 	/System/Library/PrivateFrameworks/CrashReporterSupport.framework/Versions/A/CrashReporterSupport
0x0000000006f0f000 	/System/Library/Frameworks/OpenCL.framework/Versions/A/OpenCL
0x0000000006f0f000 	/System/Library/PrivateFrameworks/FaceCore.framework/Versions/A/FaceCore
0x0000000006f0f000 	/System/Library/PrivateFrameworks/Ubiquity.framework/Versions/A/Ubiquity
0x0000000006f0f000 	/System/Library/PrivateFrameworks/IconServices.framework/Versions/A/IconServices
0x0000000006f0f000 	/System/Library/PrivateFrameworks/ChunkingLibrary.framework/Versions/A/ChunkingLibrary
0x0000000006f0f000 	/System/Library/PrivateFrameworks/Apple80211.framework/Versions/A/Apple80211
0x0000000006f0f000 	/System/Library/Frameworks/CoreWLAN.framework/Versions/A/CoreWLAN
0x0000000006f0f000 	/System/Library/Frameworks/IOBluetooth.framework/Versions/A/IOBluetooth
0x0000000006f0f000 	/System/Library/PrivateFrameworks/CoreWiFi.framework/Versions/A/CoreWiFi
0x0000000006f0f000 	/System/Library/Frameworks/CoreBluetooth.framework/Versions/A/CoreBluetooth
0x0000000006f0f000 	/System/Library/PrivateFrameworks/DebugSymbols.framework/Versions/A/DebugSymbols
0x0000000006f0f000 	/System/Library/PrivateFrameworks/CoreSymbolication.framework/Versions/A/CoreSymbolication
0x0000000006f0f000 	/System/Library/PrivateFrameworks/Symbolication.framework/Versions/A/Symbolication
0x0000000006f0f000 	/System/Library/PrivateFrameworks/SpeechRecognitionCore.framework/Versions/A/SpeechRecognitionCore
0x0000000106400000 	/Library/Java/JavaVirtualMachines/jdk1.8.0_25.jdk/Contents/Home/jre/lib/server/libjvm.dylib
0x0000000006f0f000 	/usr/lib/libstdc++.6.dylib
0x0000000105b5a000 	/Library/Java/JavaVirtualMachines/jdk1.8.0_25.jdk/Contents/Home/jre/lib/libverify.dylib
0x0000000105b68000 	/Library/Java/JavaVirtualMachines/jdk1.8.0_25.jdk/Contents/Home/jre/lib/libjava.dylib
0x0000000105ba6000 	/Library/Java/JavaVirtualMachines/jdk1.8.0_25.jdk/Contents/Home/jre/lib/libzip.dylib
0x000000011d340000 	/System/Library/Frameworks/JavaVM.framework/Frameworks/JavaRuntimeSupport.framework/JavaRuntimeSupport
0x000000011d356000 	/System/Library/Frameworks/JavaVM.framework/Versions/A/Frameworks/JavaNativeFoundation.framework/Versions/A/JavaNativeFoundation
0x000000011d36a000 	/System/Library/Frameworks/JavaVM.framework/Versions/A/JavaVM
0x0000000006f0f000 	/System/Library/Frameworks/Carbon.framework/Versions/A/Carbon
0x000000011d376000 	/System/Library/PrivateFrameworks/JavaLaunching.framework/Versions/A/JavaLaunching
0x0000000006f0f000 	/System/Library/Frameworks/Carbon.framework/Versions/A/Frameworks/CommonPanels.framework/Versions/A/CommonPanels
0x0000000006f0f000 	/System/Library/Frameworks/Carbon.framework/Versions/A/Frameworks/Help.framework/Versions/A/Help
0x0000000006f0f000 	/System/Library/Frameworks/Carbon.framework/Versions/A/Frameworks/ImageCapture.framework/Versions/A/ImageCapture
0x0000000006f0f000 	/System/Library/Frameworks/Carbon.framework/Versions/A/Frameworks/OpenScripting.framework/Versions/A/OpenScripting
0x0000000006f0f000 	/System/Library/Frameworks/Carbon.framework/Versions/A/Frameworks/Print.framework/Versions/A/Print
0x0000000006f0f000 	/System/Library/Frameworks/Carbon.framework/Versions/A/Frameworks/SecurityHI.framework/Versions/A/SecurityHI
0x000000011f1a8000 	/Library/Java/JavaVirtualMachines/jdk1.8.0_25.jdk/Contents/Home/jre/lib/libawt.dylib
0x000000011f257000 	/Library/Java/JavaVirtualMachines/jdk1.8.0_25.jdk/Contents/Home/jre/lib/./libmlib_image.dylib
0x000000011f323000 	/Library/Java/JavaVirtualMachines/jdk1.8.0_25.jdk/Contents/Home/jre/lib/libawt_lwawt.dylib
0x000000011f3d6000 	/Library/Java/JavaVirtualMachines/jdk1.8.0_25.jdk/Contents/Home/jre/lib/./libosxapp.dylib
0x0000000006f0f000 	/System/Library/Frameworks/ExceptionHandling.framework/Versions/A/ExceptionHandling
0x0000000006f0f000 	/System/Library/PrivateFrameworks/CoreServicesInternal.framework/Versions/A/CoreServicesInternal
0x0000000006f0f000 	/System/Library/PrivateFrameworks/CloudDocs.framework/Versions/A/CloudDocs
0x0000000006f0f000 	/System/Library/PrivateFrameworks/CoreDuet.framework/Versions/A/CoreDuet
0x0000000006f0f000 	/System/Library/Frameworks/CloudKit.framework/Versions/A/CloudKit
0x0000000006f0f000 	/System/Library/PrivateFrameworks/ProtocolBuffer.framework/Versions/A/ProtocolBuffer
0x0000000006f0f000 	/System/Library/PrivateFrameworks/CoreDuetDaemonProtocol.framework/Versions/A/CoreDuetDaemonProtocol
0x0000000006f0f000 	/System/Library/PrivateFrameworks/CoreDuetDebugLogging.framework/Versions/A/CoreDuetDebugLogging
0x0000000006f0f000 	/System/Library/Frameworks/CoreLocation.framework/Versions/A/CoreLocation
0x0000000006f0f000 	/System/Library/Frameworks/Accounts.framework/Versions/A/Accounts
0x0000000006f0f000 	/System/Library/PrivateFrameworks/ApplePushService.framework/Versions/A/ApplePushService
0x0000000006f0f000 	/System/Library/PrivateFrameworks/GeoServices.framework/Versions/A/GeoServices
0x0000000006f0f000 	/System/Library/PrivateFrameworks/OAuth.framework/Versions/A/OAuth
0x0000000006f0f000 	/System/Library/PrivateFrameworks/CoreDaemon.framework/Versions/B/CoreDaemon
0x0000000006f0f000 	/usr/lib/libcrypto.0.9.8.dylib
0x0000000006f0f000 	/System/Library/PrivateFrameworks/AppleSRP.framework/Versions/A/AppleSRP
0x0000000006f0f000 	/System/Library/PrivateFrameworks/TrustEvaluationAgent.framework/Versions/A/TrustEvaluationAgent
0x0000000006f0f000 	/System/Library/Frameworks/CoreGraphics.framework/Versions/A/Resources/libCGCMS.A.dylib
0x0000000006f0f000 	/System/Library/Frameworks/CoreGraphics.framework/Versions/A/Resources/libRIP.A.dylib
0x0000000006f0f000 	/System/Library/Frameworks/CoreGraphics.framework/Versions/A/Resources/libCGXType.A.dylib
0x0000000006f0f000 	/System/Library/Frameworks/OpenCL.framework/Versions/A/Libraries/libcldcpuengine.dylib
0x0000000006f0f000 	/System/Library/PrivateFrameworks/DiskImages.framework/Versions/A/DiskImages
0x0000000006f0f000 	/System/Library/Frameworks/DiscRecording.framework/Versions/A/DiscRecording
0x0000000006f0f000 	/usr/lib/libcsfde.dylib
0x0000000006f0f000 	/usr/lib/libcurl.4.dylib
0x0000000006f0f000 	/System/Library/PrivateFrameworks/MediaKit.framework/Versions/A/MediaKit
0x0000000006f0f000 	/System/Library/PrivateFrameworks/ProtectedCloudStorage.framework/Versions/A/ProtectedCloudStorage
0x0000000006f0f000 	/usr/lib/libCoreStorage.dylib
0x0000000006f0f000 	/System/Library/PrivateFrameworks/EFILogin.framework/Versions/A/EFILogin
0x0000000006f0f000 	/usr/lib/libutil.dylib
0x0000000006f0f000 	/System/Library/PrivateFrameworks/FindMyDevice.framework/Versions/A/FindMyDevice
0x0000000006f0f000 	/System/Library/Frameworks/LDAP.framework/Versions/A/LDAP
0x0000000006f0f000 	/usr/lib/libsasl2.2.dylib
0x00000001221e6000 	cl_kernels
0x00000001221e8000 	/System/Library/Frameworks/OpenCL.framework/Versions/A/Libraries/ImageFormats/unorm8_bgra.dylib
0x00000001221d8000 	cl_kernels
0x0000000006f0f000 	/System/Library/PrivateFrameworks/FamilyControls.framework/Versions/A/FamilyControls
0x0000000006f0f000 	/System/Library/PrivateFrameworks/CommerceKit.framework/Versions/A/Frameworks/CommerceCore.framework/Versions/A/CommerceCore
0x0000000006f0f000 	/System/Library/PrivateFrameworks/SystemAdministration.framework/Versions/A/SystemAdministration
0x0000000006f0f000 	/System/Library/PrivateFrameworks/AppContainer.framework/Versions/A/AppContainer
0x0000000006f0f000 	/System/Library/PrivateFrameworks/SecCodeWrapper.framework/Versions/A/SecCodeWrapper
0x0000000006f0f000 	/System/Library/Frameworks/DirectoryService.framework/Versions/A/DirectoryService
0x0000000006f0f000 	/System/Library/PrivateFrameworks/LoginUIKit.framework/Versions/A/Frameworks/LoginUICore.framework/Versions/A/LoginUICore
0x0000000006f0f000 	/usr/lib/libodfde.dylib
0x000000012340b000 	/Library/Java/JavaVirtualMachines/jdk1.8.0_25.jdk/Contents/Home/jre/lib/libfontmanager.dylib
0x0000000123472000 	/Users/Tim/git/tEngine/Game/lib/natives - mac/liblwjgl.jnilib
0x0000000121654000 	/Library/Java/JavaVirtualMachines/jdk1.8.0_25.jdk/Contents/Home/jre/lib/libjawt.dylib
0x0000000006f0f000 	/System/Library/Frameworks/OpenGL.framework/Versions/A/Resources/GLEngine.bundle/GLEngine
0x0000000006f0f000 	/System/Library/Frameworks/OpenGL.framework/Versions/A/Libraries/libGLProgrammability.dylib
0x0000000000000000 	/System/Library/Extensions/AppleIntelHD5000GraphicsGLDriver.bundle/Contents/MacOS/AppleIntelHD5000GraphicsGLDriver
0x0000000006f0f000 	/System/Library/PrivateFrameworks/IOAccelerator.framework/Versions/A/IOAccelerator
0x0000000006f0f000 	/System/Library/PrivateFrameworks/GPUSupport.framework/Versions/A/Libraries/libGPUSupportMercury.dylib
0x0000000006f0f000 	/System/Library/Frameworks/OpenGL.framework/Versions/A/Resources/GLRendererFloat.bundle/GLRendererFloat

VM Arguments:
jvm_args: -Djava.library.path=/Users/Tim/git/tEngine/Game/lib/natives - mac -Dfile.encoding=UTF-8 
java_command: de.Test.Test
java_class_path (initial): /Users/Tim/git/tEngine/Game/bin:/Users/Tim/git/tEngine/Game/lib/jars/lwjgl_util.jar:/Users/Tim/git/tEngine/Game/lib/jars/lwjgl.jar:/Users/Tim/git/tEngine/Game/lib/jars/slick-util.jar:/Applications/eclipse/plugins/org.junit_4.11.0.v201303080030/junit.jar:/Applications/eclipse/plugins/org.hamcrest.core_1.3.0.v201303031735.jar
Launcher Type: SUN_STANDARD

Environment Variables:
PATH=/usr/bin:/bin:/usr/sbin:/sbin
SHELL=/bin/bash

Signal Handlers:
SIGSEGV: [libjvm.dylib+0x579dc7], sa_mask[0]=11111111011111110111111111111111, sa_flags=SA_ONSTACK|SA_RESTART|SA_SIGINFO
SIGBUS: [libjvm.dylib+0x579dc7], sa_mask[0]=11111111011111110111111111111111, sa_flags=SA_RESTART|SA_SIGINFO
SIGFPE: [libjvm.dylib+0x45b030], sa_mask[0]=11111111011111110111111111111111, sa_flags=SA_RESTART|SA_SIGINFO
SIGPIPE: [libjvm.dylib+0x45b030], sa_mask[0]=11111111011111110111111111111111, sa_flags=SA_RESTART|SA_SIGINFO
SIGXFSZ: [libjvm.dylib+0x45b030], sa_mask[0]=11111111011111110111111111111111, sa_flags=SA_RESTART|SA_SIGINFO
SIGILL: [libjvm.dylib+0x45b030], sa_mask[0]=11111111011111110111111111111111, sa_flags=SA_RESTART|SA_SIGINFO
SIGUSR1: SIG_DFL, sa_mask[0]=00000000000000000000000000000000, sa_flags=none
SIGUSR2: [libjvm.dylib+0x45ab4e], sa_mask[0]=00100000000000000000000000000000, sa_flags=SA_RESTART|SA_SIGINFO
SIGHUP: [libjvm.dylib+0x459121], sa_mask[0]=11111111011111110111111111111111, sa_flags=SA_RESTART|SA_SIGINFO
SIGINT: [libjvm.dylib+0x459121], sa_mask[0]=11111111011111110111111111111111, sa_flags=SA_RESTART|SA_SIGINFO
SIGTERM: [libjvm.dylib+0x459121], sa_mask[0]=11111111011111110111111111111111, sa_flags=SA_RESTART|SA_SIGINFO
SIGQUIT: [libjvm.dylib+0x459121], sa_mask[0]=11111111011111110111111111111111, sa_flags=SA_RESTART|SA_SIGINFO


---------------  S Y S T E M  ---------------

OS:Bsduname:Darwin 14.0.0 Darwin Kernel Version 14.0.0: Fri Sep 19 00:26:44 PDT 2014; root:xnu-2782.1.97~2/RELEASE_X86_64 x86_64
rlimit: STACK 8192k, CORE 0k, NPROC 709, NOFILE 10240, AS infinity
load average:2.10 1.89 1.62

CPU:total 4 (2 cores per cpu, 2 threads per core) family 6 model 69 stepping 1, cmov, cx8, fxsr, mmx, sse, sse2, sse3, ssse3, sse4.1, sse4.2, popcnt, avx, avx2, aes, clmul, erms, lzcnt, ht, tsc, tscinvbit, bmi1, bmi2

Memory: 4k page, physical 8388608k(1409112k free)

/proc/meminfo:


vm_info: Java HotSpot(TM) 64-Bit Server VM (25.25-b02) for bsd-amd64 JRE (1.8.0_25-b17), built on Sep 17 2014 16:56:50 by "java_re" with gcc 4.2.1 (Based on Apple Inc. build 5658) (LLVM build 2336.11.00)

time: Thu Jan 15 19:10:19 2015
elapsed time: 50 seconds (0d 0h 0m 50s)

