#
# A fatal error has been detected by the Java Runtime Environment:
#
#  SIGSEGV (0xb) at pc=0x00007fff882c00dd, pid=10414, tid=1811
#
# JRE version: Java(TM) SE Runtime Environment (8.0_25-b17) (build 1.8.0_25-b17)
# Java VM: Java HotSpot(TM) 64-Bit Server VM (25.25-b02 mixed mode bsd-amd64 compressed oops)
# Problematic frame:
# C  [libobjc.A.dylib+0x10dd]  objc_msgSend+0x1d
#
# Failed to write core dump. Core dumps have been disabled. To enable core dumping, try "ulimit -c unlimited" before starting Java again
#
# If you would like to submit a bug report, please visit:
#   http://bugreport.sun.com/bugreport/crash.jsp
# The crash happened outside the Java Virtual Machine in native code.
# See problematic frame for where to report the bug.
#

---------------  T H R E A D  ---------------

Current thread (0x00007fe324065000):  JavaThread "AppKit Thread" daemon [_thread_in_native, id=1811, stack(0x00007fff541a6000,0x00007fff549a6000)]

siginfo: si_signo: 11 (SIGSEGV), si_code: 1 (SEGV_MAPERR), si_addr: 0x000007fe32377cd0

Registers:
RAX=0x00007fe32372d650, RBX=0x00007fff549a18b8, RCX=0x0000000000000000, RDX=0x00007fe3234bec50
RSP=0x00007fff549a16d8, RBP=0x00007fff549a16e0, RSI=0x00007fff919a1be4, RDI=0x00007fe32372d650
R8 =0x00007fff549a16c0, R9 =0x0000000000000055, R10=0x00007fff919a1be4, R11=0x000007fe32377cb8
R12=0x00007fe323503ae0, R13=0x00000000000f42e9, R14=0x00007fe3237bbf30, R15=0x00007fff549a1818
RIP=0x00007fff882c00dd, EFLAGS=0x0000000000010206, ERR=0x0000000000000004
  TRAPNO=0x000000000000000e

Top of Stack: (sp=0x00007fff549a16d8)
0x00007fff549a16d8:   00007fff88cd1cbc 00007fff549a1a40
0x00007fff549a16e8:   00007fff88bc31b4 00007fff549a176c
0x00007fff549a16f8:   00007fff549a1770 00007fff549a1774
0x00007fff549a1708:   00007fff78c24b48 ffffffffffffffff
0x00007fff549a1718:   00000000000007f8 00007fff78c24b60
0x00007fff549a1728:   00007fe3237bbf30 0000000000000000
0x00007fff549a1738:   00007fff549a1810 0000000000000000
0x00007fff549a1748:   00007fe323789c80 00007fff549a1890
0x00007fff549a1758:   0000000000000055 00000000000f42eb
0x00007fff549a1768:   00007fe3234bec50 00007fe3237896b0
0x00007fff549a1778:   00007fe323503ae0 0000000000000001
0x00007fff549a1788:   00000000000f42e9 00007fe323503ad0
0x00007fff549a1798:   00007fff920cb109 0000000123454480
0x00007fff549a17a8:   00007fff788280d0 0000000042000000
0x00007fff549a17b8:   00007fff920d36a3 00007fff78bef1d0
0x00007fff549a17c8:   00007fff549a1898 0000000000000000
0x00007fff549a17d8:   00007fff771e48c8 00007fff771e48c8
0x00007fff549a17e8:   0000000000000013 0001ad0300000001
0x00007fff549a17f8:   00007fe323503b04 0000000000000000
0x00007fff549a1808:   00000000003a9b01 00007fe323789d00
0x00007fff549a1818:   00007fe3237bbf30 00007fff771e48c8
0x00007fff549a1828:   00007fff919d98c7 00007fff549a18d0
0x00007fff549a1838:   00007fff8cae15a7 00007fff549a18b4
0x00007fff549a1848:   00000000003a9c01 00000000ffffffff
0x00007fff549a1858:   00007fff771e48c8 00000000003a9c00
0x00007fff549a1868:   00007fff00000000 00007fff549a1960
0x00007fff549a1878:   00007fff90484edc 00007fff771e48e8
0x00007fff549a1888:   00007fff919d98c7 0000000000000051
0x00007fff549a1898:   0000000000000000 00000000000f42df
0x00007fff549a18a8:   0000000000000053 0000000000000000
0x00007fff549a18b8:   00000000000f42e9 00007fff549a1934
0x00007fff549a18c8:   00000000003aaa01 00000000ffffffff 

Instructions: (pc=0x00007fff882c00dd)
0x00007fff882c00bd:   00 00 00 48 85 ff 2e 74 7a 40 f6 c7 01 2e 75 7e
0x00007fff882c00cd:   49 bb f8 ff ff ff ff 7f 00 00 4c 23 1f 49 89 f2
0x00007fff882c00dd:   45 23 53 18 49 c1 e2 04 4d 03 53 10 49 3b 32 75
0x00007fff882c00ed:   04 41 ff 62 08 49 83 3a 00 74 6a 4d 3b 53 10 74 

Register to memory mapping:

RAX=0x00007fe32372d650 is an unknown value
RBX=0x00007fff549a18b8 is pointing into the stack for thread: 0x00007fe324065000
RCX=0x0000000000000000 is an unknown value
RDX=0x00007fe3234bec50 is an unknown value
RSP=0x00007fff549a16d8 is pointing into the stack for thread: 0x00007fe324065000
RBP=0x00007fff549a16e0 is pointing into the stack for thread: 0x00007fe324065000
RSI=0x00007fff919a1be4: -[NSTitlebarContainerView shouldRoundCorners]+0x5c646 in /System/Library/Frameworks/AppKit.framework/Versions/C/AppKit at 0x00007fff90fd8000
RDI=0x00007fe32372d650 is an unknown value
R8 =0x00007fff549a16c0 is pointing into the stack for thread: 0x00007fe324065000
R9 =0x0000000000000055 is an unknown value
R10=0x00007fff919a1be4: -[NSTitlebarContainerView shouldRoundCorners]+0x5c646 in /System/Library/Frameworks/AppKit.framework/Versions/C/AppKit at 0x00007fff90fd8000
R11=0x000007fe32377cb8 is an unknown value
R12=0x00007fe323503ae0 is an unknown value
R13=0x00000000000f42e9 is an unknown value
R14=0x00007fe3237bbf30 is an unknown value
R15=0x00007fff549a1818 is pointing into the stack for thread: 0x00007fe324065000


Stack: [0x00007fff541a6000,0x00007fff549a6000],  sp=0x00007fff549a16d8,  free space=8173k
Native frames: (J=compiled Java code, j=interpreted, Vv=VM code, C=native code)
C  [libobjc.A.dylib+0x10dd]  objc_msgSend+0x1d
C  [CoreFoundation+0x101b4]  _CFXNotificationPost+0xc44
C  [Foundation+0x2ea1]  -[NSNotificationCenter postNotificationName:object:userInfo:]+0x42
C  [AppKit+0xddb36]  -[NSSurface _disposeSurface]+0x98
C  [AppKit+0xdd59a]  -[NSSurface setWindow:]+0x42
C  [AppKit+0x3c00c]  -[NSView _setWindow:]+0x98f
C  [AppKit+0x3d262]  -[NSView removeFromSuperview]+0x1c5
C  [AppKit+0x918ca]  -[NSView removeFromSuperviewWithoutNeedingDisplay]+0x26
C  [liblwjgl.jnilib+0x9c3e]  +[MacOSXKeyableWindow destroyWindow]+0xde
C  [Foundation+0x65f4c]  __NSThreadPerformPerform+0x125
C  [CoreFoundation+0x80661]  __CFRUNLOOP_IS_CALLING_OUT_TO_A_SOURCE0_PERFORM_FUNCTION__+0x11
C  [CoreFoundation+0x727ed]  __CFRunLoopDoSources0+0x10d
C  [CoreFoundation+0x71e1f]  __CFRunLoopRun+0x39f
C  [CoreFoundation+0x71838]  CFRunLoopRunSpecific+0x128
C  [HIToolbox+0x2e43f]  RunCurrentEventLoopInMode+0xeb
C  [HIToolbox+0x2e1ba]  ReceiveNextEventCommon+0x1af
C  [HIToolbox+0x2dffb]  _BlockUntilNextEventMatchingListInModeWithFilter+0x47
C  [AppKit+0x246d1]  _DPSNextEvent+0x3c4
C  [AppKit+0x23e80]  -[NSApplication nextEventMatchingMask:untilDate:inMode:dequeue:]+0xc2
C  [libosxapp.dylib+0x242a]  -[NSApplicationAWT nextEventMatchingMask:untilDate:inMode:dequeue:]+0x7c
C  [AppKit+0x17e23]  -[NSApplication run]+0x252
C  [libosxapp.dylib+0x223e]  +[NSApplicationAWT runAWTLoopWithApp:]+0x9c
C  [libawt_lwawt.dylib+0x4494f]  -[AWTStarter starter:]+0x389
C  [Foundation+0x65f4c]  __NSThreadPerformPerform+0x125
C  [CoreFoundation+0x80661]  __CFRUNLOOP_IS_CALLING_OUT_TO_A_SOURCE0_PERFORM_FUNCTION__+0x11
C  [CoreFoundation+0x727ed]  __CFRunLoopDoSources0+0x10d
C  [CoreFoundation+0x71e1f]  __CFRunLoopRun+0x39f
C  [CoreFoundation+0x71838]  CFRunLoopRunSpecific+0x128
C  [java+0x56cc]  CreateExecutionEnvironment+0x367
C  [java+0x165c]  JLI_Launch+0x7a0
C  [java+0x768a]  main+0x65
C  [java+0xeb4]  start+0x34
C  0x0000000000000006


---------------  P R O C E S S  ---------------

Java Threads: ( => current thread )
  0x00007fe325020800 JavaThread "AWT-Shutdown" [_thread_blocked, id=27935, stack(0x000000012e938000,0x000000012ea38000)]
=>0x00007fe324065000 JavaThread "AppKit Thread" daemon [_thread_in_native, id=1811, stack(0x00007fff541a6000,0x00007fff549a6000)]
  0x00007fe32484e000 JavaThread "Service Thread" daemon [_thread_blocked, id=18179, stack(0x00000001248aa000,0x00000001249aa000)]
  0x00007fe324001800 JavaThread "C1 CompilerThread2" daemon [_thread_blocked, id=17667, stack(0x00000001247a7000,0x00000001248a7000)]
  0x00007fe323892000 JavaThread "C2 CompilerThread1" daemon [_thread_blocked, id=17155, stack(0x00000001246a4000,0x00000001247a4000)]
  0x00007fe324000800 JavaThread "C2 CompilerThread0" daemon [_thread_blocked, id=16643, stack(0x00000001245a1000,0x00000001246a1000)]
  0x00007fe323817000 JavaThread "Signal Dispatcher" daemon [_thread_blocked, id=13331, stack(0x000000012449e000,0x000000012459e000)]
  0x00007fe325017800 JavaThread "Finalizer" daemon [_thread_blocked, id=11523, stack(0x0000000122b69000,0x0000000122c69000)]
  0x00007fe325017000 JavaThread "Reference Handler" daemon [_thread_blocked, id=11011, stack(0x0000000122a66000,0x0000000122b66000)]
  0x00007fe32380c000 JavaThread "main" [_thread_in_native, id=4867, stack(0x000000010cb1d000,0x000000010cc1d000)]

Other Threads:
  0x00007fe325012000 VMThread [stack: 0x0000000122963000,0x0000000122a63000] [id=10499]
  0x00007fe324826800 WatcherThread [stack: 0x00000001249ad000,0x0000000124aad000] [id=18691]

VM state:not at safepoint (normal execution)

VM Mutex/Monitor currently owned by a thread: None

Heap:
 PSYoungGen      total 38400K, used 17788K [0x0000000795580000, 0x0000000798000000, 0x00000007c0000000)
  eden space 33280K, 47% used [0x0000000795580000,0x0000000796501f68,0x0000000797600000)
  from space 5120K, 37% used [0x0000000797600000,0x00000007977dd098,0x0000000797b00000)
  to   space 5120K, 0% used [0x0000000797b00000,0x0000000797b00000,0x0000000798000000)
 ParOldGen       total 87552K, used 16K [0x0000000740000000, 0x0000000745580000, 0x0000000795580000)
  object space 87552K, 0% used [0x0000000740000000,0x0000000740004000,0x0000000745580000)
 Metaspace       used 6700K, capacity 6805K, committed 6912K, reserved 1056768K
  class space    used 649K, capacity 693K, committed 768K, reserved 1048576K

Card table byte_map: [0x000000011bfdf000,0x000000011c3e0000] byte_map_base: 0x00000001185df000

Marking Bits: (ParMarkBitMap*) 0x000000010c49d390
 Begin Bits: [0x000000011ca97000, 0x000000011ea97000)
 End Bits:   [0x000000011ea97000, 0x0000000120a97000)

Polling page: 0x000000010b3b1000

CodeCache: size=245760Kb used=3003Kb max_used=3014Kb free=242756Kb
 bounds [0x000000010cc1f000, 0x000000010cf1f000, 0x000000011bc1f000]
 total_blobs=1136 nmethods=738 adapters=313
 compilation: enabled

Compilation events (10 events):
Event: 7.793 Thread 0x00007fe324001800 nmethod 734 0x000000010cf0abd0 code [0x000000010cf0ad60, 0x000000010cf0b118]
Event: 7.988 Thread 0x00007fe324001800  735       3       java.nio.Buffer::nextPutIndex (38 bytes)
Event: 7.988 Thread 0x00007fe324001800 nmethod 735 0x000000010cf0a750 code [0x000000010cf0a8c0, 0x000000010cf0aae8]
Event: 8.004 Thread 0x00007fe324001800  736       1       java.nio.HeapByteBuffer::_put (8 bytes)
Event: 8.004 Thread 0x00007fe324001800 nmethod 736 0x000000010cf0a410 code [0x000000010cf0a560, 0x000000010cf0a690]
Event: 8.163 Thread 0x00007fe324001800  737       3       java.util.IdentityHashMap::isEmpty (13 bytes)
Event: 8.163 Thread 0x00007fe324001800 nmethod 737 0x000000010cf0cd50 code [0x000000010cf0cec0, 0x000000010cf0d070]
Event: 8.163 Thread 0x00007fe324001800  738       3       java.util.HashSet::isEmpty (8 bytes)
Event: 8.164 Thread 0x00007fe324001800 nmethod 738 0x000000010cf0c890 code [0x000000010cf0ca00, 0x000000010cf0cc90]
Event: 8.544 Thread 0x00007fe323892000  739       4       java.nio.DirectByteBuffer::put (18 bytes)

GC Heap History (2 events):
Event: 5.416 GC heap before
{Heap before GC invocations=1 (full 0):
 PSYoungGen      total 38400K, used 33280K [0x0000000795580000, 0x0000000798000000, 0x00000007c0000000)
  eden space 33280K, 100% used [0x0000000795580000,0x0000000797600000,0x0000000797600000)
  from space 5120K, 0% used [0x0000000797b00000,0x0000000797b00000,0x0000000798000000)
  to   space 5120K, 0% used [0x0000000797600000,0x0000000797600000,0x0000000797b00000)
 ParOldGen       total 87552K, used 0K [0x0000000740000000, 0x0000000745580000, 0x0000000795580000)
  object space 87552K, 0% used [0x0000000740000000,0x0000000740000000,0x0000000745580000)
 Metaspace       used 6675K, capacity 6805K, committed 6912K, reserved 1056768K
  class space    used 648K, capacity 693K, committed 768K, reserved 1048576K
Event: 5.424 GC heap after
Heap after GC invocations=1 (full 0):
 PSYoungGen      total 38400K, used 1908K [0x0000000795580000, 0x0000000798000000, 0x00000007c0000000)
  eden space 33280K, 0% used [0x0000000795580000,0x0000000795580000,0x0000000797600000)
  from space 5120K, 37% used [0x0000000797600000,0x00000007977dd098,0x0000000797b00000)
  to   space 5120K, 0% used [0x0000000797b00000,0x0000000797b00000,0x0000000798000000)
 ParOldGen       total 87552K, used 16K [0x0000000740000000, 0x0000000745580000, 0x0000000795580000)
  object space 87552K, 0% used [0x0000000740000000,0x0000000740004000,0x0000000745580000)
 Metaspace       used 6675K, capacity 6805K, committed 6912K, reserved 1056768K
  class space    used 648K, capacity 693K, committed 768K, reserved 1048576K
}

Deoptimization events (2 events):
Event: 0.869 Thread 0x00007fe32380c000 Uncommon trap: reason=intrinsic action=make_not_entrant pc=0x000000010ce46c60 method=de.tEngine.math.Matrix4f.determinant([[F)F @ 51
Event: 3.551 Thread 0x00007fe32380c000 Uncommon trap: reason=intrinsic action=make_not_entrant pc=0x000000010ce9899c method=de.tEngine.math.Matrix4f.getAdjoint()Lde/tEngine/math/Matrix4f; @ 32

Internal exceptions (10 events):
Event: 0.662 Thread 0x00007fe32380c000 Exception <a 'java/security/PrivilegedActionException'> (0x0000000795ff4330) thrown at [/HUDSON3/workspace/8-2-build-macosx-x86_64/jdk8u25/1514/hotspot/src/share/vm/prims/jvm.cpp, line 1312]
Event: 0.662 Thread 0x00007fe32380c000 Exception <a 'java/security/PrivilegedActionException'> (0x0000000795ff6820) thrown at [/HUDSON3/workspace/8-2-build-macosx-x86_64/jdk8u25/1514/hotspot/src/share/vm/prims/jvm.cpp, line 1312]
Event: 0.665 Thread 0x00007fe32380c000 Exception <a 'java/security/PrivilegedActionException'> (0x0000000796008918) thrown at [/HUDSON3/workspace/8-2-build-macosx-x86_64/jdk8u25/1514/hotspot/src/share/vm/prims/jvm.cpp, line 1312]
Event: 0.666 Thread 0x00007fe32380c000 Exception <a 'java/security/PrivilegedActionException'> (0x000000079600c530) thrown at [/HUDSON3/workspace/8-2-build-macosx-x86_64/jdk8u25/1514/hotspot/src/share/vm/prims/jvm.cpp, line 1312]
Event: 0.669 Thread 0x00007fe32380c000 Exception <a 'java/security/PrivilegedActionException'> (0x000000079601d360) thrown at [/HUDSON3/workspace/8-2-build-macosx-x86_64/jdk8u25/1514/hotspot/src/share/vm/prims/jvm.cpp, line 1312]
Event: 0.671 Thread 0x00007fe32380c000 Exception <a 'java/security/PrivilegedActionException'> (0x000000079602eab0) thrown at [/HUDSON3/workspace/8-2-build-macosx-x86_64/jdk8u25/1514/hotspot/src/share/vm/prims/jvm.cpp, line 1312]
Event: 0.674 Thread 0x00007fe32380c000 Exception <a 'java/security/PrivilegedActionException'> (0x000000079603e288) thrown at [/HUDSON3/workspace/8-2-build-macosx-x86_64/jdk8u25/1514/hotspot/src/share/vm/prims/jvm.cpp, line 1312]
Event: 0.675 Thread 0x00007fe32380c000 Exception <a 'java/security/PrivilegedActionException'> (0x0000000796049dc0) thrown at [/HUDSON3/workspace/8-2-build-macosx-x86_64/jdk8u25/1514/hotspot/src/share/vm/prims/jvm.cpp, line 1312]
Event: 0.681 Thread 0x00007fe32380c000 Exception <a 'java/security/PrivilegedActionException'> (0x0000000796058958) thrown at [/HUDSON3/workspace/8-2-build-macosx-x86_64/jdk8u25/1514/hotspot/src/share/vm/prims/jvm.cpp, line 1312]
Event: 8.540 Thread 0x00007fe32380c000 Exception <a 'java/security/PrivilegedActionException'> (0x00000007964dde70) thrown at [/HUDSON3/workspace/8-2-build-macosx-x86_64/jdk8u25/1514/hotspot/src/share/vm/prims/jvm.cpp, line 1312]

Events (10 events):
Event: 4.101 Executing VM operation: EnableBiasedLocking done
Event: 5.256 Thread 0x00007fe325020800 Thread added: 0x00007fe325020800
Event: 5.416 Executing VM operation: ParallelGCFailedAllocation
Event: 5.424 Executing VM operation: ParallelGCFailedAllocation done
Event: 6.260 Executing VM operation: RevokeBias
Event: 6.260 Executing VM operation: RevokeBias done
Event: 6.260 Thread 0x00007fe325020800 Thread exited: 0x00007fe325020800
Event: 6.858 Thread 0x00007fe325020800 Thread added: 0x00007fe325020800
Event: 8.540 loading class org/lwjgl/opengl/CallbackUtil
Event: 8.540 loading class org/lwjgl/opengl/CallbackUtil done


Dynamic libraries:
0x0000000006f0f000 	/System/Library/Frameworks/Cocoa.framework/Versions/A/Cocoa
0x0000000006f0f000 	/System/Library/Frameworks/Security.framework/Versions/A/Security
0x0000000006f0f000 	/System/Library/Frameworks/ApplicationServices.framework/Versions/A/ApplicationServices
0x0000000006f0f000 	/usr/lib/libz.1.dylib
0x0000000006f0f000 	/usr/lib/libSystem.B.dylib
0x0000000006f0f000 	/usr/lib/libobjc.A.dylib
0x0000000006f0f000 	/System/Library/Frameworks/CoreFoundation.framework/Versions/A/CoreFoundation
0x0000000006f0f000 	/System/Library/Frameworks/Foundation.framework/Versions/C/Foundation
0x0000000006f0f000 	/System/Library/Frameworks/AppKit.framework/Versions/C/AppKit
0x0000000006f0f000 	/System/Library/Frameworks/CoreData.framework/Versions/A/CoreData
0x0000000006f0f000 	/System/Library/PrivateFrameworks/RemoteViewServices.framework/Versions/A/RemoteViewServices
0x0000000006f0f000 	/System/Library/PrivateFrameworks/UIFoundation.framework/Versions/A/UIFoundation
0x0000000006f0f000 	/System/Library/Frameworks/IOSurface.framework/Versions/A/IOSurface
0x0000000006f0f000 	/System/Library/Frameworks/AudioToolbox.framework/Versions/A/AudioToolbox
0x0000000006f0f000 	/System/Library/Frameworks/AudioUnit.framework/Versions/A/AudioUnit
0x0000000006f0f000 	/System/Library/PrivateFrameworks/DataDetectorsCore.framework/Versions/A/DataDetectorsCore
0x0000000006f0f000 	/System/Library/PrivateFrameworks/DesktopServicesPriv.framework/Versions/A/DesktopServicesPriv
0x0000000006f0f000 	/System/Library/Frameworks/Carbon.framework/Versions/A/Frameworks/HIToolbox.framework/Versions/A/HIToolbox
0x0000000006f0f000 	/System/Library/Frameworks/QuartzCore.framework/Versions/A/QuartzCore
0x0000000006f0f000 	/System/Library/Frameworks/Carbon.framework/Versions/A/Frameworks/SpeechRecognition.framework/Versions/A/SpeechRecognition
0x0000000006f0f000 	/usr/lib/libauto.dylib
0x0000000006f0f000 	/usr/lib/libicucore.A.dylib
0x0000000006f0f000 	/usr/lib/libxml2.2.dylib
0x0000000006f0f000 	/System/Library/PrivateFrameworks/CoreUI.framework/Versions/A/CoreUI
0x0000000006f0f000 	/System/Library/Frameworks/CoreAudio.framework/Versions/A/CoreAudio
0x0000000006f0f000 	/System/Library/Frameworks/DiskArbitration.framework/Versions/A/DiskArbitration
0x0000000006f0f000 	/usr/lib/liblangid.dylib
0x0000000006f0f000 	/System/Library/PrivateFrameworks/MultitouchSupport.framework/Versions/A/MultitouchSupport
0x0000000006f0f000 	/System/Library/Frameworks/IOKit.framework/Versions/A/IOKit
0x0000000006f0f000 	/usr/lib/libDiagnosticMessagesClient.dylib
0x0000000006f0f000 	/System/Library/Frameworks/CoreServices.framework/Versions/A/CoreServices
0x0000000006f0f000 	/System/Library/PrivateFrameworks/PerformanceAnalysis.framework/Versions/A/PerformanceAnalysis
0x0000000006f0f000 	/System/Library/PrivateFrameworks/GenerationalStorage.framework/Versions/A/GenerationalStorage
0x0000000006f0f000 	/System/Library/Frameworks/OpenGL.framework/Versions/A/OpenGL
0x0000000006f0f000 	/System/Library/PrivateFrameworks/Sharing.framework/Versions/A/Sharing
0x0000000006f0f000 	/System/Library/Frameworks/CoreGraphics.framework/Versions/A/CoreGraphics
0x0000000006f0f000 	/System/Library/Frameworks/CoreText.framework/Versions/A/CoreText
0x0000000006f0f000 	/System/Library/Frameworks/ImageIO.framework/Versions/A/ImageIO
0x0000000006f0f000 	/usr/lib/libextension.dylib
0x0000000006f0f000 	/System/Library/PrivateFrameworks/Backup.framework/Versions/A/Backup
0x0000000006f0f000 	/usr/lib/libarchive.2.dylib
0x0000000006f0f000 	/System/Library/Frameworks/CFNetwork.framework/Versions/A/CFNetwork
0x0000000006f0f000 	/System/Library/Frameworks/SystemConfiguration.framework/Versions/A/SystemConfiguration
0x0000000006f0f000 	/usr/lib/libCRFSuite.dylib
0x0000000006f0f000 	/usr/lib/libc++.1.dylib
0x0000000006f0f000 	/usr/lib/libc++abi.dylib
0x0000000006f0f000 	/usr/lib/system/libcache.dylib
0x0000000006f0f000 	/usr/lib/system/libcommonCrypto.dylib
0x0000000006f0f000 	/usr/lib/system/libcompiler_rt.dylib
0x0000000006f0f000 	/usr/lib/system/libcopyfile.dylib
0x0000000006f0f000 	/usr/lib/system/libcorecrypto.dylib
0x0000000006f0f000 	/usr/lib/system/libdispatch.dylib
0x0000000006f0f000 	/usr/lib/system/libdyld.dylib
0x0000000006f0f000 	/usr/lib/system/libkeymgr.dylib
0x0000000006f0f000 	/usr/lib/system/liblaunch.dylib
0x0000000006f0f000 	/usr/lib/system/libmacho.dylib
0x0000000006f0f000 	/usr/lib/system/libquarantine.dylib
0x0000000006f0f000 	/usr/lib/system/libremovefile.dylib
0x0000000006f0f000 	/usr/lib/system/libsystem_asl.dylib
0x0000000006f0f000 	/usr/lib/system/libsystem_blocks.dylib
0x0000000006f0f000 	/usr/lib/system/libsystem_c.dylib
0x0000000006f0f000 	/usr/lib/system/libsystem_configuration.dylib
0x0000000006f0f000 	/usr/lib/system/libsystem_coreservices.dylib
0x0000000006f0f000 	/usr/lib/system/libsystem_coretls.dylib
0x0000000006f0f000 	/usr/lib/system/libsystem_dnssd.dylib
0x0000000006f0f000 	/usr/lib/system/libsystem_info.dylib
0x0000000006f0f000 	/usr/lib/system/libsystem_kernel.dylib
0x0000000006f0f000 	/usr/lib/system/libsystem_m.dylib
0x0000000006f0f000 	/usr/lib/system/libsystem_malloc.dylib
0x0000000006f0f000 	/usr/lib/system/libsystem_network.dylib
0x0000000006f0f000 	/usr/lib/system/libsystem_networkextension.dylib
0x0000000006f0f000 	/usr/lib/system/libsystem_notify.dylib
0x0000000006f0f000 	/usr/lib/system/libsystem_platform.dylib
0x0000000006f0f000 	/usr/lib/system/libsystem_pthread.dylib
0x0000000006f0f000 	/usr/lib/system/libsystem_sandbox.dylib
0x0000000006f0f000 	/usr/lib/system/libsystem_secinit.dylib
0x0000000006f0f000 	/usr/lib/system/libsystem_stats.dylib
0x0000000006f0f000 	/usr/lib/system/libsystem_trace.dylib
0x0000000006f0f000 	/usr/lib/system/libunc.dylib
0x0000000006f0f000 	/usr/lib/system/libunwind.dylib
0x0000000006f0f000 	/usr/lib/system/libxpc.dylib
0x0000000006f0f000 	/usr/lib/libbz2.1.0.dylib
0x0000000006f0f000 	/usr/lib/liblzma.5.dylib
0x0000000006f0f000 	/usr/lib/libbsm.0.dylib
0x0000000006f0f000 	/usr/lib/libsqlite3.dylib
0x0000000006f0f000 	/usr/lib/system/libkxld.dylib
0x0000000006f0f000 	/usr/lib/libxar.1.dylib
0x0000000006f0f000 	/usr/lib/libpam.2.dylib
0x0000000006f0f000 	/usr/lib/libOpenScriptingUtil.dylib
0x0000000006f0f000 	/System/Library/Frameworks/CoreServices.framework/Versions/A/Frameworks/FSEvents.framework/Versions/A/FSEvents
0x0000000006f0f000 	/System/Library/Frameworks/CoreServices.framework/Versions/A/Frameworks/CarbonCore.framework/Versions/A/CarbonCore
0x0000000006f0f000 	/System/Library/Frameworks/CoreServices.framework/Versions/A/Frameworks/Metadata.framework/Versions/A/Metadata
0x0000000006f0f000 	/System/Library/Frameworks/CoreServices.framework/Versions/A/Frameworks/OSServices.framework/Versions/A/OSServices
0x0000000006f0f000 	/System/Library/Frameworks/CoreServices.framework/Versions/A/Frameworks/SearchKit.framework/Versions/A/SearchKit
0x0000000006f0f000 	/System/Library/Frameworks/CoreServices.framework/Versions/A/Frameworks/AE.framework/Versions/A/AE
0x0000000006f0f000 	/System/Library/Frameworks/CoreServices.framework/Versions/A/Frameworks/LaunchServices.framework/Versions/A/LaunchServices
0x0000000006f0f000 	/System/Library/Frameworks/CoreServices.framework/Versions/A/Frameworks/DictionaryServices.framework/Versions/A/DictionaryServices
0x0000000006f0f000 	/System/Library/Frameworks/NetFS.framework/Versions/A/NetFS
0x0000000006f0f000 	/System/Library/PrivateFrameworks/NetAuth.framework/Versions/A/NetAuth
0x0000000006f0f000 	/System/Library/PrivateFrameworks/login.framework/Versions/A/Frameworks/loginsupport.framework/Versions/A/loginsupport
0x0000000006f0f000 	/System/Library/PrivateFrameworks/TCC.framework/Versions/A/TCC
0x0000000006f0f000 	/usr/lib/libmecabra.dylib
0x0000000006f0f000 	/System/Library/PrivateFrameworks/LanguageModeling.framework/Versions/A/LanguageModeling
0x0000000006f0f000 	/usr/lib/libcmph.dylib
0x0000000006f0f000 	/usr/lib/libiconv.2.dylib
0x0000000006f0f000 	/System/Library/Frameworks/OpenDirectory.framework/Versions/A/Frameworks/CFOpenDirectory.framework/Versions/A/CFOpenDirectory
0x0000000006f0f000 	/System/Library/Frameworks/ServiceManagement.framework/Versions/A/ServiceManagement
0x0000000006f0f000 	/usr/lib/libxslt.1.dylib
0x0000000006f0f000 	/System/Library/Frameworks/Carbon.framework/Versions/A/Frameworks/Ink.framework/Versions/A/Ink
0x0000000006f0f000 	/System/Library/Frameworks/ApplicationServices.framework/Versions/A/Frameworks/ATS.framework/Versions/A/ATS
0x0000000006f0f000 	/System/Library/Frameworks/ApplicationServices.framework/Versions/A/Frameworks/ColorSync.framework/Versions/A/ColorSync
0x0000000006f0f000 	/System/Library/Frameworks/ApplicationServices.framework/Versions/A/Frameworks/HIServices.framework/Versions/A/HIServices
0x0000000006f0f000 	/System/Library/Frameworks/ApplicationServices.framework/Versions/A/Frameworks/LangAnalysis.framework/Versions/A/LangAnalysis
0x0000000006f0f000 	/System/Library/Frameworks/ApplicationServices.framework/Versions/A/Frameworks/PrintCore.framework/Versions/A/PrintCore
0x0000000006f0f000 	/System/Library/Frameworks/ApplicationServices.framework/Versions/A/Frameworks/QD.framework/Versions/A/QD
0x0000000006f0f000 	/System/Library/Frameworks/ApplicationServices.framework/Versions/A/Frameworks/SpeechSynthesis.framework/Versions/A/SpeechSynthesis
0x0000000006f0f000 	/System/Library/Frameworks/Accelerate.framework/Versions/A/Accelerate
0x0000000006f0f000 	/System/Library/Frameworks/Accelerate.framework/Versions/A/Frameworks/vImage.framework/Versions/A/vImage
0x0000000006f0f000 	/System/Library/Frameworks/Accelerate.framework/Versions/A/Frameworks/vecLib.framework/Versions/A/vecLib
0x0000000006f0f000 	/System/Library/Frameworks/Accelerate.framework/Versions/A/Frameworks/vecLib.framework/Versions/A/libvDSP.dylib
0x0000000006f0f000 	/System/Library/Frameworks/Accelerate.framework/Versions/A/Frameworks/vecLib.framework/Versions/A/libvMisc.dylib
0x0000000006f0f000 	/System/Library/Frameworks/Accelerate.framework/Versions/A/Frameworks/vecLib.framework/Versions/A/libLAPACK.dylib
0x0000000006f0f000 	/System/Library/Frameworks/Accelerate.framework/Versions/A/Frameworks/vecLib.framework/Versions/A/libBLAS.dylib
0x0000000006f0f000 	/System/Library/Frameworks/Accelerate.framework/Versions/A/Frameworks/vecLib.framework/Versions/A/libLinearAlgebra.dylib
0x0000000006f0f000 	/System/Library/Frameworks/ApplicationServices.framework/Versions/A/Frameworks/ATS.framework/Versions/A/Resources/libFontParser.dylib
0x0000000006f0f000 	/System/Library/Frameworks/ApplicationServices.framework/Versions/A/Frameworks/ATS.framework/Versions/A/Resources/libFontRegistry.dylib
0x0000000006f0f000 	/System/Library/PrivateFrameworks/AppleVPA.framework/Versions/A/AppleVPA
0x0000000006f0f000 	/System/Library/PrivateFrameworks/AppleJPEG.framework/Versions/A/AppleJPEG
0x0000000006f0f000 	/System/Library/Frameworks/ImageIO.framework/Versions/A/Resources/libJPEG.dylib
0x0000000006f0f000 	/System/Library/Frameworks/ImageIO.framework/Versions/A/Resources/libTIFF.dylib
0x0000000006f0f000 	/System/Library/Frameworks/ImageIO.framework/Versions/A/Resources/libPng.dylib
0x0000000006f0f000 	/System/Library/Frameworks/ImageIO.framework/Versions/A/Resources/libGIF.dylib
0x0000000006f0f000 	/System/Library/Frameworks/ImageIO.framework/Versions/A/Resources/libJP2.dylib
0x0000000006f0f000 	/System/Library/Frameworks/ImageIO.framework/Versions/A/Resources/libRadiance.dylib
0x0000000006f0f000 	/System/Library/Frameworks/CoreVideo.framework/Versions/A/CoreVideo
0x0000000006f0f000 	/System/Library/Frameworks/OpenGL.framework/Versions/A/Libraries/libGLU.dylib
0x0000000006f0f000 	/System/Library/Frameworks/OpenGL.framework/Versions/A/Libraries/libGFXShared.dylib
0x0000000006f0f000 	/System/Library/Frameworks/OpenGL.framework/Versions/A/Libraries/libGL.dylib
0x0000000006f0f000 	/System/Library/Frameworks/OpenGL.framework/Versions/A/Libraries/libGLImage.dylib
0x0000000006f0f000 	/System/Library/Frameworks/OpenGL.framework/Versions/A/Libraries/libCVMSPluginSupport.dylib
0x0000000006f0f000 	/System/Library/Frameworks/OpenGL.framework/Versions/A/Libraries/libCoreVMClient.dylib
0x0000000006f0f000 	/usr/lib/libcups.2.dylib
0x0000000006f0f000 	/System/Library/Frameworks/Kerberos.framework/Versions/A/Kerberos
0x0000000006f0f000 	/System/Library/Frameworks/GSS.framework/Versions/A/GSS
0x0000000006f0f000 	/usr/lib/libresolv.9.dylib
0x0000000006f0f000 	/System/Library/PrivateFrameworks/Heimdal.framework/Versions/A/Heimdal
0x0000000006f0f000 	/usr/lib/libheimdal-asn1.dylib
0x0000000006f0f000 	/System/Library/Frameworks/OpenDirectory.framework/Versions/A/OpenDirectory
0x0000000006f0f000 	/System/Library/PrivateFrameworks/CommonAuth.framework/Versions/A/CommonAuth
0x0000000006f0f000 	/System/Library/Frameworks/SecurityFoundation.framework/Versions/A/SecurityFoundation
0x0000000006f0f000 	/System/Library/Frameworks/QuartzCore.framework/Versions/A/Frameworks/CoreImage.framework/Versions/A/CoreImage
0x0000000006f0f000 	/System/Library/PrivateFrameworks/CrashReporterSupport.framework/Versions/A/CrashReporterSupport
0x0000000006f0f000 	/System/Library/Frameworks/OpenCL.framework/Versions/A/OpenCL
0x0000000006f0f000 	/System/Library/PrivateFrameworks/FaceCore.framework/Versions/A/FaceCore
0x0000000006f0f000 	/System/Library/PrivateFrameworks/Ubiquity.framework/Versions/A/Ubiquity
0x0000000006f0f000 	/System/Library/PrivateFrameworks/IconServices.framework/Versions/A/IconServices
0x0000000006f0f000 	/System/Library/PrivateFrameworks/ChunkingLibrary.framework/Versions/A/ChunkingLibrary
0x0000000006f0f000 	/System/Library/PrivateFrameworks/Apple80211.framework/Versions/A/Apple80211
0x0000000006f0f000 	/System/Library/Frameworks/CoreWLAN.framework/Versions/A/CoreWLAN
0x0000000006f0f000 	/System/Library/Frameworks/IOBluetooth.framework/Versions/A/IOBluetooth
0x0000000006f0f000 	/System/Library/PrivateFrameworks/CoreWiFi.framework/Versions/A/CoreWiFi
0x0000000006f0f000 	/System/Library/Frameworks/CoreBluetooth.framework/Versions/A/CoreBluetooth
0x0000000006f0f000 	/System/Library/PrivateFrameworks/DebugSymbols.framework/Versions/A/DebugSymbols
0x0000000006f0f000 	/System/Library/PrivateFrameworks/CoreSymbolication.framework/Versions/A/CoreSymbolication
0x0000000006f0f000 	/System/Library/PrivateFrameworks/Symbolication.framework/Versions/A/Symbolication
0x0000000006f0f000 	/System/Library/PrivateFrameworks/SpeechRecognitionCore.framework/Versions/A/SpeechRecognitionCore
0x000000010bc00000 	/Library/Java/JavaVirtualMachines/jdk1.8.0_25.jdk/Contents/Home/jre/lib/server/libjvm.dylib
0x0000000006f0f000 	/usr/lib/libstdc++.6.dylib
0x000000010b36f000 	/Library/Java/JavaVirtualMachines/jdk1.8.0_25.jdk/Contents/Home/jre/lib/libverify.dylib
0x000000010b37d000 	/Library/Java/JavaVirtualMachines/jdk1.8.0_25.jdk/Contents/Home/jre/lib/libjava.dylib
0x000000010b3bb000 	/Library/Java/JavaVirtualMachines/jdk1.8.0_25.jdk/Contents/Home/jre/lib/libzip.dylib
0x0000000122c6b000 	/System/Library/Frameworks/JavaVM.framework/Frameworks/JavaRuntimeSupport.framework/JavaRuntimeSupport
0x0000000122c81000 	/System/Library/Frameworks/JavaVM.framework/Versions/A/Frameworks/JavaNativeFoundation.framework/Versions/A/JavaNativeFoundation
0x000000010b3ed000 	/System/Library/Frameworks/JavaVM.framework/Versions/A/JavaVM
0x0000000006f0f000 	/System/Library/Frameworks/Carbon.framework/Versions/A/Carbon
0x0000000122c95000 	/System/Library/PrivateFrameworks/JavaLaunching.framework/Versions/A/JavaLaunching
0x0000000006f0f000 	/System/Library/Frameworks/Carbon.framework/Versions/A/Frameworks/CommonPanels.framework/Versions/A/CommonPanels
0x0000000006f0f000 	/System/Library/Frameworks/Carbon.framework/Versions/A/Frameworks/Help.framework/Versions/A/Help
0x0000000006f0f000 	/System/Library/Frameworks/Carbon.framework/Versions/A/Frameworks/ImageCapture.framework/Versions/A/ImageCapture
0x0000000006f0f000 	/System/Library/Frameworks/Carbon.framework/Versions/A/Frameworks/OpenScripting.framework/Versions/A/OpenScripting
0x0000000006f0f000 	/System/Library/Frameworks/Carbon.framework/Versions/A/Frameworks/Print.framework/Versions/A/Print
0x0000000006f0f000 	/System/Library/Frameworks/Carbon.framework/Versions/A/Frameworks/SecurityHI.framework/Versions/A/SecurityHI
0x0000000124ac1000 	/Library/Java/JavaVirtualMachines/jdk1.8.0_25.jdk/Contents/Home/jre/lib/libawt.dylib
0x0000000124b70000 	/Library/Java/JavaVirtualMachines/jdk1.8.0_25.jdk/Contents/Home/jre/lib/./libmlib_image.dylib
0x0000000124c3c000 	/Library/Java/JavaVirtualMachines/jdk1.8.0_25.jdk/Contents/Home/jre/lib/libawt_lwawt.dylib
0x0000000124cef000 	/Library/Java/JavaVirtualMachines/jdk1.8.0_25.jdk/Contents/Home/jre/lib/./libosxapp.dylib
0x0000000006f0f000 	/System/Library/Frameworks/ExceptionHandling.framework/Versions/A/ExceptionHandling
0x0000000006f0f000 	/System/Library/PrivateFrameworks/CoreServicesInternal.framework/Versions/A/CoreServicesInternal
0x0000000006f0f000 	/System/Library/PrivateFrameworks/CloudDocs.framework/Versions/A/CloudDocs
0x0000000006f0f000 	/System/Library/PrivateFrameworks/CoreDuet.framework/Versions/A/CoreDuet
0x0000000006f0f000 	/System/Library/Frameworks/CloudKit.framework/Versions/A/CloudKit
0x0000000006f0f000 	/System/Library/PrivateFrameworks/ProtocolBuffer.framework/Versions/A/ProtocolBuffer
0x0000000006f0f000 	/System/Library/PrivateFrameworks/CoreDuetDaemonProtocol.framework/Versions/A/CoreDuetDaemonProtocol
0x0000000006f0f000 	/System/Library/PrivateFrameworks/CoreDuetDebugLogging.framework/Versions/A/CoreDuetDebugLogging
0x0000000006f0f000 	/System/Library/Frameworks/CoreLocation.framework/Versions/A/CoreLocation
0x0000000006f0f000 	/System/Library/Frameworks/Accounts.framework/Versions/A/Accounts
0x0000000006f0f000 	/System/Library/PrivateFrameworks/ApplePushService.framework/Versions/A/ApplePushService
0x0000000006f0f000 	/System/Library/PrivateFrameworks/GeoServices.framework/Versions/A/GeoServices
0x0000000006f0f000 	/System/Library/PrivateFrameworks/OAuth.framework/Versions/A/OAuth
0x0000000006f0f000 	/System/Library/PrivateFrameworks/CoreDaemon.framework/Versions/B/CoreDaemon
0x0000000006f0f000 	/usr/lib/libcrypto.0.9.8.dylib
0x0000000006f0f000 	/System/Library/PrivateFrameworks/AppleSRP.framework/Versions/A/AppleSRP
0x0000000006f0f000 	/System/Library/PrivateFrameworks/TrustEvaluationAgent.framework/Versions/A/TrustEvaluationAgent
0x0000000006f0f000 	/System/Library/Frameworks/CoreGraphics.framework/Versions/A/Resources/libCGCMS.A.dylib
0x0000000006f0f000 	/System/Library/Frameworks/CoreGraphics.framework/Versions/A/Resources/libRIP.A.dylib
0x0000000006f0f000 	/System/Library/Frameworks/CoreGraphics.framework/Versions/A/Resources/libCGXType.A.dylib
0x0000000006f0f000 	/System/Library/Frameworks/OpenCL.framework/Versions/A/Libraries/libcldcpuengine.dylib
0x0000000006f0f000 	/System/Library/PrivateFrameworks/DiskImages.framework/Versions/A/DiskImages
0x0000000006f0f000 	/System/Library/Frameworks/DiscRecording.framework/Versions/A/DiscRecording
0x0000000006f0f000 	/usr/lib/libcsfde.dylib
0x0000000006f0f000 	/usr/lib/libcurl.4.dylib
0x0000000006f0f000 	/System/Library/PrivateFrameworks/MediaKit.framework/Versions/A/MediaKit
0x0000000006f0f000 	/System/Library/PrivateFrameworks/ProtectedCloudStorage.framework/Versions/A/ProtectedCloudStorage
0x0000000006f0f000 	/usr/lib/libCoreStorage.dylib
0x0000000006f0f000 	/System/Library/PrivateFrameworks/EFILogin.framework/Versions/A/EFILogin
0x0000000006f0f000 	/usr/lib/libutil.dylib
0x0000000006f0f000 	/System/Library/PrivateFrameworks/FindMyDevice.framework/Versions/A/FindMyDevice
0x0000000006f0f000 	/System/Library/Frameworks/LDAP.framework/Versions/A/LDAP
0x0000000006f0f000 	/usr/lib/libsasl2.2.dylib
0x0000000127a7b000 	cl_kernels
0x0000000127a7d000 	/System/Library/Frameworks/OpenCL.framework/Versions/A/Libraries/ImageFormats/unorm8_bgra.dylib
0x0000000127a6d000 	cl_kernels
0x0000000006f0f000 	/System/Library/PrivateFrameworks/FamilyControls.framework/Versions/A/FamilyControls
0x0000000006f0f000 	/System/Library/PrivateFrameworks/CommerceKit.framework/Versions/A/Frameworks/CommerceCore.framework/Versions/A/CommerceCore
0x0000000006f0f000 	/System/Library/PrivateFrameworks/SystemAdministration.framework/Versions/A/SystemAdministration
0x0000000006f0f000 	/System/Library/PrivateFrameworks/AppContainer.framework/Versions/A/AppContainer
0x0000000006f0f000 	/System/Library/PrivateFrameworks/SecCodeWrapper.framework/Versions/A/SecCodeWrapper
0x0000000006f0f000 	/System/Library/Frameworks/DirectoryService.framework/Versions/A/DirectoryService
0x0000000006f0f000 	/System/Library/PrivateFrameworks/LoginUIKit.framework/Versions/A/Frameworks/LoginUICore.framework/Versions/A/LoginUICore
0x0000000006f0f000 	/usr/lib/libodfde.dylib
0x0000000128d23000 	/Library/Java/JavaVirtualMachines/jdk1.8.0_25.jdk/Contents/Home/jre/lib/libfontmanager.dylib
0x0000000128d8a000 	/Users/Tim/git/tEngine/Game/lib/natives - mac/liblwjgl.jnilib
0x0000000126ef0000 	/Library/Java/JavaVirtualMachines/jdk1.8.0_25.jdk/Contents/Home/jre/lib/libjawt.dylib
0x0000000006f0f000 	/System/Library/Frameworks/OpenGL.framework/Versions/A/Resources/GLEngine.bundle/GLEngine
0x0000000006f0f000 	/System/Library/Frameworks/OpenGL.framework/Versions/A/Libraries/libGLProgrammability.dylib
0x0000000000000000 	/System/Library/Extensions/AppleIntelHD5000GraphicsGLDriver.bundle/Contents/MacOS/AppleIntelHD5000GraphicsGLDriver
0x0000000006f0f000 	/System/Library/PrivateFrameworks/IOAccelerator.framework/Versions/A/IOAccelerator
0x0000000006f0f000 	/System/Library/PrivateFrameworks/GPUSupport.framework/Versions/A/Libraries/libGPUSupportMercury.dylib
0x0000000006f0f000 	/System/Library/Frameworks/OpenGL.framework/Versions/A/Resources/GLRendererFloat.bundle/GLRendererFloat

VM Arguments:
jvm_args: -Djava.library.path=/Users/Tim/git/tEngine/Game/lib/natives - mac -Dfile.encoding=UTF-8 
java_command: de.Test.Test
java_class_path (initial): /Users/Tim/git/tEngine/Game/bin:/Users/Tim/git/tEngine/Game/lib/jars/lwjgl_util.jar:/Users/Tim/git/tEngine/Game/lib/jars/lwjgl.jar:/Users/Tim/git/tEngine/Game/lib/jars/slick-util.jar:/Applications/eclipse/plugins/org.junit_4.11.0.v201303080030/junit.jar:/Applications/eclipse/plugins/org.hamcrest.core_1.3.0.v201303031735.jar
Launcher Type: SUN_STANDARD

Environment Variables:
PATH=/usr/bin:/bin:/usr/sbin:/sbin
SHELL=/bin/bash

Signal Handlers:
SIGSEGV: [libjvm.dylib+0x579dc7], sa_mask[0]=11111111011111110111111111111111, sa_flags=SA_ONSTACK|SA_RESTART|SA_SIGINFO
SIGBUS: [libjvm.dylib+0x579dc7], sa_mask[0]=11111111011111110111111111111111, sa_flags=SA_RESTART|SA_SIGINFO
SIGFPE: [libjvm.dylib+0x45b030], sa_mask[0]=11111111011111110111111111111111, sa_flags=SA_RESTART|SA_SIGINFO
SIGPIPE: [libjvm.dylib+0x45b030], sa_mask[0]=11111111011111110111111111111111, sa_flags=SA_RESTART|SA_SIGINFO
SIGXFSZ: [libjvm.dylib+0x45b030], sa_mask[0]=11111111011111110111111111111111, sa_flags=SA_RESTART|SA_SIGINFO
SIGILL: [libjvm.dylib+0x45b030], sa_mask[0]=11111111011111110111111111111111, sa_flags=SA_RESTART|SA_SIGINFO
SIGUSR1: SIG_DFL, sa_mask[0]=00000000000000000000000000000000, sa_flags=none
SIGUSR2: [libjvm.dylib+0x45ab4e], sa_mask[0]=00100000000000000000000000000000, sa_flags=SA_RESTART|SA_SIGINFO
SIGHUP: [libjvm.dylib+0x459121], sa_mask[0]=11111111011111110111111111111111, sa_flags=SA_RESTART|SA_SIGINFO
SIGINT: [libjvm.dylib+0x459121], sa_mask[0]=11111111011111110111111111111111, sa_flags=SA_RESTART|SA_SIGINFO
SIGTERM: [libjvm.dylib+0x459121], sa_mask[0]=11111111011111110111111111111111, sa_flags=SA_RESTART|SA_SIGINFO
SIGQUIT: [libjvm.dylib+0x459121], sa_mask[0]=11111111011111110111111111111111, sa_flags=SA_RESTART|SA_SIGINFO


---------------  S Y S T E M  ---------------

OS:Bsduname:Darwin 14.0.0 Darwin Kernel Version 14.0.0: Fri Sep 19 00:26:44 PDT 2014; root:xnu-2782.1.97~2/RELEASE_X86_64 x86_64
rlimit: STACK 8192k, CORE 0k, NPROC 709, NOFILE 10240, AS infinity
load average:2.48 1.79 1.54

CPU:total 4 (2 cores per cpu, 2 threads per core) family 6 model 69 stepping 1, cmov, cx8, fxsr, mmx, sse, sse2, sse3, ssse3, sse4.1, sse4.2, popcnt, avx, avx2, aes, clmul, erms, lzcnt, ht, tsc, tscinvbit, bmi1, bmi2

Memory: 4k page, physical 8388608k(1452940k free)

/proc/meminfo:


vm_info: Java HotSpot(TM) 64-Bit Server VM (25.25-b02) for bsd-amd64 JRE (1.8.0_25-b17), built on Sep 17 2014 16:56:50 by "java_re" with gcc 4.2.1 (Based on Apple Inc. build 5658) (LLVM build 2336.11.00)

time: Thu Jan 15 19:06:11 2015
elapsed time: 8 seconds (0d 0h 0m 8s)

