#
# A fatal error has been detected by the Java Runtime Environment:
#
#  EXCEPTION_ACCESS_VIOLATION (0xc0000005) at pc=0x5a6c1663, pid=7868, tid=7748
#
# JRE version: Java(TM) SE Runtime Environment (7.0_71-b14) (build 1.7.0_71-b14)
# Java VM: Java HotSpot(TM) Client VM (24.71-b01 mixed mode, sharing windows-x86 )
# Problematic frame:
# C  [atioglxx.dll+0x1663]
#
# Failed to write core dump. Minidumps are not enabled by default on client versions of Windows
#
# If you would like to submit a bug report, please visit:
#   http://bugreport.sun.com/bugreport/crash.jsp
# The crash happened outside the Java Virtual Machine in native code.
# See problematic frame for where to report the bug.
#

---------------  T H R E A D  ---------------

Current thread (0x0253b800):  JavaThread "main" [_thread_in_native, id=7748, stack(0x00cb0000,0x00d00000)]

siginfo: ExceptionCode=0xc0000005, reading address 0x4660e000

Registers:
EAX=0x00030000, EBX=0x06b03000, ECX=0x0000005f, EDX=0x00000600
ESP=0x00cfe2bc, EBP=0x00cfe2d4, ESI=0x4660dfa0, EDI=0x06b30080
EIP=0x5a6c1663, EFLAGS=0x00010216

Top of Stack: (sp=0x00cfe2bc)
0x00cfe2bc:   00b6a528 00b55c58 07140048 06b03000
0x00cfe2cc:   465e0f20 465e0f20 00cfe51c 5af991dc
0x00cfe2dc:   00000600 00000008 00000504 00006000
0x00cfe2ec:   00000000 ffffffff ffffffff 00000000
0x00cfe2fc:   00000000 00000000 00000012 0000000e
0x00cfe30c:   00000001 00000000 00000001 00000001
0x00cfe31c:   00000000 00000002 00000000 00000000
0x00cfe32c:   00000000 00000000 00000000 00000000 

Instructions: (pc=0x5a6c1663)
0x5a6c1643:   6f 5e 30 66 0f e7 07 66 0f e7 4f 10 66 0f e7 57
0x5a6c1653:   20 66 0f e7 5f 30 66 0f 6f 66 40 66 0f 6f 6e 50
0x5a6c1663:   66 0f 6f 76 60 66 0f 6f 7e 70 66 0f e7 67 40 66
0x5a6c1673:   0f e7 6f 50 66 0f e7 77 60 66 0f e7 7f 70 8d b6 


Register to memory mapping:

EAX=0x00030000 is an unknown value
EBX=0x06b03000 is an unknown value
ECX=0x0000005f is an unknown value
EDX=0x00000600 is an unknown value
ESP=0x00cfe2bc is pointing into the stack for thread: 0x0253b800
EBP=0x00cfe2d4 is pointing into the stack for thread: 0x0253b800
ESI=0x4660dfa0 is an unknown value
EDI=0x06b30080 is an unknown value


Stack: [0x00cb0000,0x00d00000],  sp=0x00cfe2bc,  free space=312k
Native frames: (J=compiled Java code, j=interpreted, Vv=VM code, C=native code)
C  [atioglxx.dll+0x1663]
C  [atioglxx.dll+0x8d91dc]
C  [atioglxx.dll+0x8e8bad]
C  [atioglxx.dll+0x8e7605]
C  [atioglxx.dll+0x8e560e]
C  [atioglxx.dll+0x87fd08]
C  [atioglxx.dll+0x8824e4]
C  [atioglxx.dll+0x11347cc]
C  [atioglxx.dll+0xa10360]
C  [atioglxx.dll+0x141087]
C  [atioglxx.dll+0x3f3bfb]
C  [lwjgl.dll+0x85e8]
j  org.lwjgl.opengl.GL11.glDrawElements(IIIJ)V+28
j  tEngine.Mesh.DrawElements()V+9
j  tEngine.Model.Render()V+40
j  tEngine.GameObject.Render(Lshaders/BasicShader;)V+15
j  tEngine.Scene.Render()V+51
j  tEngine.Renderer.Render()V+49
j  tEngine.Engine.Run()V+7
j  tEngine.Engine.Start()V+17
j  Test.main([Ljava/lang/String;)V+15
v  ~StubRoutines::call_stub
V  [jvm.dll+0x141eda]
V  [jvm.dll+0x2061ee]
V  [jvm.dll+0x141f5d]
V  [jvm.dll+0xcb245]
V  [jvm.dll+0xd5ee7]
C  [javaw.exe+0x2070]
C  [javaw.exe+0xa601]
C  [javaw.exe+0xa68b]
C  [KERNEL32.DLL+0x1919f]
C  [ntdll.dll+0x50bbb]
C  [ntdll.dll+0x50b91]

Java frames: (J=compiled Java code, j=interpreted, Vv=VM code)
j  org.lwjgl.opengl.GL11.nglDrawElementsBO(IIIJJ)V+0
j  org.lwjgl.opengl.GL11.glDrawElements(IIIJ)V+28
j  tEngine.Mesh.DrawElements()V+9
j  tEngine.Model.Render()V+40
j  tEngine.GameObject.Render(Lshaders/BasicShader;)V+15
j  tEngine.Scene.Render()V+51
j  tEngine.Renderer.Render()V+49
j  tEngine.Engine.Run()V+7
j  tEngine.Engine.Start()V+17
j  Test.main([Ljava/lang/String;)V+15
v  ~StubRoutines::call_stub

---------------  P R O C E S S  ---------------

Java Threads: ( => current thread )
  0x0265cc00 JavaThread "Service Thread" daemon [_thread_blocked, id=7912, stack(0x04b50000,0x04ba0000)]
  0x02650c00 JavaThread "C1 CompilerThread0" daemon [_thread_blocked, id=7676, stack(0x04ac0000,0x04b10000)]
  0x0264f400 JavaThread "Attach Listener" daemon [_thread_blocked, id=6916, stack(0x04a30000,0x04a80000)]
  0x0264d000 JavaThread "Signal Dispatcher" daemon [_thread_blocked, id=1904, stack(0x049a0000,0x049f0000)]
  0x025e3c00 JavaThread "Finalizer" daemon [_thread_blocked, id=6836, stack(0x04910000,0x04960000)]
  0x025de800 JavaThread "Reference Handler" daemon [_thread_blocked, id=6376, stack(0x04880000,0x048d0000)]
=>0x0253b800 JavaThread "main" [_thread_in_native, id=7748, stack(0x00cb0000,0x00d00000)]

Other Threads:
  0x025dd000 VMThread [stack: 0x047f0000,0x04840000] [id=7488]
  0x0266f000 WatcherThread [stack: 0x04be0000,0x04c30000] [id=7792]

VM state:not at safepoint (normal execution)

VM Mutex/Monitor currently owned by a thread: None

Heap
 def new generation   total 4992K, used 599K [0x24800000, 0x24d60000, 0x29d50000)
  eden space 4480K,  13% used [0x24800000, 0x24895d80, 0x24c60000)
  from space 512K,   0% used [0x24c60000, 0x24c60000, 0x24ce0000)
  to   space 512K,   0% used [0x24ce0000, 0x24ce0000, 0x24d60000)
 tenured generation   total 66712K, used 57192K [0x29d50000, 0x2de76000, 0x34800000)
   the space 66712K,  85% used [0x29d50000, 0x2d52a328, 0x2d52a400, 0x2de76000)
 compacting perm gen  total 12288K, used 1357K [0x34800000, 0x35400000, 0x38800000)
   the space 12288K,  11% used [0x34800000, 0x34953430, 0x34953600, 0x35400000)
    ro space 10240K,  42% used [0x38800000, 0x38c34e48, 0x38c35000, 0x39200000)
    rw space 12288K,  51% used [0x39200000, 0x3983aac0, 0x3983ac00, 0x39e00000)

Card table byte_map: [0x026c0000,0x02770000] byte_map_base: 0x0259c000

Polling page: 0x00ad0000

Code Cache  [0x027b0000, 0x028a8000, 0x047b0000)
 total_blobs=479 nmethods=255 adapters=161 free_code_cache=31798Kb largest_free_block=32561856

Compilation events (10 events):
Event: 3.164 Thread 0x02650c00  249             org.lwjgl.util.vector.Matrix4f::setIdentity (5 bytes)
Event: 3.164 Thread 0x02650c00 nmethod 249 0x028a0dc8 code [0x028a0ec0, 0x028a0f4c]
Event: 3.164 Thread 0x02650c00  250             org.lwjgl.util.vector.Matrix4f::setIdentity (82 bytes)
Event: 3.164 Thread 0x02650c00 nmethod 250 0x028a0fc8 code [0x028a10c0, 0x028a11a0]
Event: 3.164 Thread 0x02650c00  251             org.lwjgl.opengl.GL20::glEnableVertexAttribArray (19 bytes)
Event: 3.164 Thread 0x02650c00 nmethod 251 0x028a1208 code [0x028a1340, 0x028a1570]
Event: 3.167 Thread 0x02650c00  253             org.lwjgl.opengl.GL20::glDisableVertexAttribArray (19 bytes)
Event: 3.168 Thread 0x02650c00 nmethod 253 0x028a1a48 code [0x028a1b80, 0x028a1db0]
Event: 3.201 Thread 0x02650c00  255             java.util.HashMap::get (29 bytes)
Event: 3.201 Thread 0x02650c00 nmethod 255 0x028a2288 code [0x028a23a0, 0x028a2478]

GC Heap History (4 events):
Event: 1.047 GC heap before
{Heap before GC invocations=0 (full 0):
 def new generation   total 4928K, used 4416K [0x24800000, 0x24d50000, 0x29d50000)
  eden space 4416K, 100% used [0x24800000, 0x24c50000, 0x24c50000)
  from space 512K,   0% used [0x24c50000, 0x24c50000, 0x24cd0000)
  to   space 512K,   0% used [0x24cd0000, 0x24cd0000, 0x24d50000)
 tenured generation   total 10944K, used 0K [0x29d50000, 0x2a800000, 0x34800000)
   the space 10944K,   0% used [0x29d50000, 0x29d50000, 0x29d50200, 0x2a800000)
 compacting perm gen  total 12288K, used 1101K [0x34800000, 0x35400000, 0x38800000)
   the space 12288K,   8% used [0x34800000, 0x34913468, 0x34913600, 0x35400000)
    ro space 10240K,  42% used [0x38800000, 0x38c34e48, 0x38c35000, 0x39200000)
    rw space 12288K,  51% used [0x39200000, 0x3983aac0, 0x3983ac00, 0x39e00000)
Event: 1.052 GC heap after
Heap after GC invocations=1 (full 0):
 def new generation   total 4928K, used 512K [0x24800000, 0x24d50000, 0x29d50000)
  eden space 4416K,   0% used [0x24800000, 0x24800000, 0x24c50000)
  from space 512K, 100% used [0x24cd0000, 0x24d50000, 0x24d50000)
  to   space 512K,   0% used [0x24c50000, 0x24c50000, 0x24cd0000)
 tenured generation   total 10944K, used 709K [0x29d50000, 0x2a800000, 0x34800000)
   the space 10944K,   6% used [0x29d50000, 0x29e017c8, 0x29e01800, 0x2a800000)
 compacting perm gen  total 12288K, used 1101K [0x34800000, 0x35400000, 0x38800000)
   the space 12288K,   8% used [0x34800000, 0x34913468, 0x34913600, 0x35400000)
    ro space 10240K,  42% used [0x38800000, 0x38c34e48, 0x38c35000, 0x39200000)
    rw space 12288K,  51% used [0x39200000, 0x3983aac0, 0x3983ac00, 0x39e00000)
}
Event: 1.360 GC heap before
{Heap before GC invocations=1 (full 0):
 def new generation   total 4928K, used 4666K [0x24800000, 0x24d50000, 0x29d50000)
  eden space 4416K,  94% used [0x24800000, 0x24c0ea30, 0x24c50000)
  from space 512K, 100% used [0x24cd0000, 0x24d50000, 0x24d50000)
  to   space 512K,   0% used [0x24c50000, 0x24c50000, 0x24cd0000)
 tenured generation   total 10944K, used 7538K [0x29d50000, 0x2a800000, 0x34800000)
   the space 10944K,  68% used [0x29d50000, 0x2a4acbc8, 0x2a4acc00, 0x2a800000)
 compacting perm gen  total 12288K, used 1319K [0x34800000, 0x35400000, 0x38800000)
   the space 12288K,  10% used [0x34800000, 0x34949ff8, 0x3494a000, 0x35400000)
    ro space 10240K,  42% used [0x38800000, 0x38c34e48, 0x38c35000, 0x39200000)
    rw space 12288K,  51% used [0x39200000, 0x3983aac0, 0x3983ac00, 0x39e00000)
Event: 1.377 GC heap after
Heap after GC invocations=2 (full 1):
 def new generation   total 4992K, used 0K [0x24800000, 0x24d60000, 0x29d50000)
  eden space 4480K,   0% used [0x24800000, 0x24800000, 0x24c60000)
  from space 512K,   0% used [0x24c60000, 0x24c60000, 0x24ce0000)
  to   space 512K,   0% used [0x24ce0000, 0x24ce0000, 0x24d60000)
 tenured generation   total 10944K, used 1426K [0x29d50000, 0x2a800000, 0x34800000)
   the space 10944K,  13% used [0x29d50000, 0x29eb4888, 0x29eb4a00, 0x2a800000)
 compacting perm gen  total 12288K, used 1319K [0x34800000, 0x35400000, 0x38800000)
   the space 12288K,  10% used [0x34800000, 0x34949ff8, 0x3494a000, 0x35400000)
    ro space 10240K,  42% used [0x38800000, 0x38c34e48, 0x38c35000, 0x39200000)
    rw space 12288K,  51% used [0x39200000, 0x3983aac0, 0x3983ac00, 0x39e00000)
}

Deoptimization events (0 events):
No events

Internal exceptions (10 events):
Event: 1.073 Thread 0x0253b800 Threw 0x2483c448 at C:\re\jdk7u71\1605\hotspot\src\share\vm\prims\jvm.cpp:1281
Event: 1.074 Thread 0x0253b800 Threw 0x24841950 at C:\re\jdk7u71\1605\hotspot\src\share\vm\prims\jvm.cpp:1281
Event: 1.083 Thread 0x0253b800 Threw 0x2484ab18 at C:\re\jdk7u71\1605\hotspot\src\share\vm\prims\jvm.cpp:1281
Event: 1.086 Thread 0x0253b800 Threw 0x24857458 at C:\re\jdk7u71\1605\hotspot\src\share\vm\prims\jvm.cpp:1281
Event: 1.295 Thread 0x0253b800 Threw 0x2485ba68 at C:\re\jdk7u71\1605\hotspot\src\share\vm\prims\jvm.cpp:1281
Event: 1.351 Thread 0x0253b800 Threw 0x248c7128 at C:\re\jdk7u71\1605\hotspot\src\share\vm\prims\jvm.cpp:1281
Event: 3.123 Thread 0x0253b800 Threw 0x24857808 at C:\re\jdk7u71\1605\hotspot\src\share\vm\prims\jvm.cpp:1281
Event: 3.124 Thread 0x0253b800 Threw 0x24859560 at C:\re\jdk7u71\1605\hotspot\src\share\vm\prims\jvm.cpp:1281
Event: 3.125 Thread 0x0253b800 Threw 0x2485fc68 at C:\re\jdk7u71\1605\hotspot\src\share\vm\prims\jvm.cpp:1281
Event: 3.127 Thread 0x0253b800 Threw 0x248676d8 at C:\re\jdk7u71\1605\hotspot\src\share\vm\prims\jvm.cpp:1281

Events (10 events):
Event: 1.360 Executing VM operation: GenCollectForAllocation
Event: 1.377 Executing VM operation: GenCollectForAllocation done
Event: 3.123 loading class 0x0265b7b0
Event: 3.123 loading class 0x0265b7b0 done
Event: 3.124 loading class 0x025f03f0
Event: 3.124 loading class 0x025f03f0 done
Event: 3.125 loading class 0x07820db0
Event: 3.125 loading class 0x07820db0 done
Event: 3.127 loading class 0x07839158
Event: 3.127 loading class 0x07839158 done


Dynamic libraries:
0x00310000 - 0x0033f000 	C:\Program Files (x86)\Java\jre7\bin\javaw.exe
0x77e10000 - 0x77f77000 	C:\Windows\SYSTEM32\ntdll.dll
0x77730000 - 0x77870000 	C:\Windows\SYSTEM32\KERNEL32.DLL
0x77660000 - 0x77730000 	C:\Windows\SYSTEM32\KERNELBASE.dll
0x67b40000 - 0x67bd9000 	C:\Windows\system32\apphelp.dll
0x78640000 - 0x78899000 	C:\Windows\AppPatch\AcGenral.DLL
0x775a0000 - 0x7765e000 	C:\Windows\SYSTEM32\msvcrt.dll
0x77950000 - 0x7798e000 	C:\Windows\SYSTEM32\sechost.dll
0x75830000 - 0x7584d000 	C:\Windows\SYSTEM32\SspiCli.dll
0x75ab0000 - 0x75af1000 	C:\Windows\SYSTEM32\SHLWAPI.dll
0x75080000 - 0x7515b000 	C:\Windows\SYSTEM32\UxTheme.dll
0x75ef0000 - 0x7603f000 	C:\Windows\SYSTEM32\USER32.dll
0x75cc0000 - 0x75dc7000 	C:\Windows\SYSTEM32\GDI32.dll
0x75340000 - 0x75360000 	C:\Windows\SYSTEM32\WINMM.dll
0x695c0000 - 0x695d2000 	C:\Windows\SYSTEM32\samcli.dll
0x75bb0000 - 0x75cbc000 	C:\Windows\SYSTEM32\ole32.dll
0x77b30000 - 0x77bb7000 	C:\Windows\SYSTEM32\OLEAUT32.dll
0x67390000 - 0x673a5000 	C:\Windows\SYSTEM32\MSACM32.dll
0x757b0000 - 0x757b8000 	C:\Windows\SYSTEM32\VERSION.dll
0x76360000 - 0x77517000 	C:\Windows\SYSTEM32\SHELL32.dll
0x75780000 - 0x75799000 	C:\Windows\SYSTEM32\USERENV.dll
0x74f10000 - 0x74f28000 	C:\Windows\SYSTEM32\dwmapi.dll
0x67460000 - 0x6758c000 	C:\Windows\SYSTEM32\urlmon.dll
0x778d0000 - 0x77948000 	C:\Windows\SYSTEM32\ADVAPI32.dll
0x74740000 - 0x7479e000 	C:\Windows\SYSTEM32\WINSPOOL.DRV
0x67a90000 - 0x67aa4000 	C:\Windows\SYSTEM32\MPR.dll
0x75b00000 - 0x75bb0000 	C:\Windows\SYSTEM32\RPCRT4.dll
0x75820000 - 0x75829000 	C:\Windows\SYSTEM32\CRYPTBASE.dll
0x76050000 - 0x7619e000 	C:\Windows\SYSTEM32\combase.dll
0x75320000 - 0x75340000 	C:\Windows\SYSTEM32\WINMMBASE.dll
0x75770000 - 0x7577e000 	C:\Windows\SYSTEM32\profapi.dll
0x697e0000 - 0x699fb000 	C:\Windows\SYSTEM32\iertutil.dll
0x69eb0000 - 0x6a072000 	C:\Windows\SYSTEM32\WININET.dll
0x757c0000 - 0x75813000 	C:\Windows\SYSTEM32\bcryptPrimitives.dll
0x77af0000 - 0x77b2a000 	C:\Windows\SYSTEM32\cfgmgr32.dll
0x75300000 - 0x7531f000 	C:\Windows\SYSTEM32\DEVOBJ.dll
0x74a80000 - 0x74af6000 	C:\Windows\SYSTEM32\SHCORE.DLL
0x77570000 - 0x77595000 	C:\Windows\system32\IMM32.DLL
0x75850000 - 0x75947000 	C:\Windows\SYSTEM32\MSCTF.dll
0x72920000 - 0x72b06000 	C:\Windows\WinSxS\x86_microsoft.windows.common-controls_6595b64144ccf1df_6.0.9600.17031_none_a9efdb8b01377ea7\COMCTL32.dll
0x788e0000 - 0x7899f000 	C:\Program Files (x86)\Java\jre7\bin\msvcr100.dll
0x501a0000 - 0x50529000 	C:\Program Files (x86)\Java\jre7\bin\client\jvm.dll
0x695e0000 - 0x695e8000 	C:\Windows\SYSTEM32\WSOCK32.dll
0x76350000 - 0x76356000 	C:\Windows\SYSTEM32\PSAPI.DLL
0x77990000 - 0x779dd000 	C:\Windows\SYSTEM32\WS2_32.dll
0x75e60000 - 0x75e67000 	C:\Windows\SYSTEM32\NSI.dll
0x53cb0000 - 0x53cbc000 	C:\Program Files (x86)\Java\jre7\bin\verify.dll
0x50180000 - 0x501a0000 	C:\Program Files (x86)\Java\jre7\bin\java.dll
0x50160000 - 0x50173000 	C:\Program Files (x86)\Java\jre7\bin\zip.dll
0x10000000 - 0x1004d000 	D:\Benutzer\Tim\Documents\Eclipse\Game\lib\natives - windows\lwjgl.dll
0x615c0000 - 0x61694000 	C:\Windows\SYSTEM32\OPENGL32.dll
0x61330000 - 0x61354000 	C:\Windows\SYSTEM32\GLU32.dll
0x61240000 - 0x61327000 	C:\Windows\SYSTEM32\DDRAW.dll
0x61230000 - 0x61237000 	C:\Windows\SYSTEM32\DCIMAN32.dll
0x5d4c0000 - 0x5d4d5000 	C:\Windows\SYSTEM32\atiglpxx.dll
0x5a6c0000 - 0x5bc4f000 	C:\Windows\SYSTEM32\atioglxx.dll
0x761a0000 - 0x7634d000 	C:\Windows\SYSTEM32\SETUPAPI.dll
0x5d300000 - 0x5d3d9000 	C:\Windows\SYSTEM32\atiadlxy.dll
0x74950000 - 0x74a75000 	C:\Windows\SYSTEM32\PROPSYS.dll
0x757a0000 - 0x757ae000 	C:\Windows\SYSTEM32\WTSAPI32.dll
0x74c70000 - 0x74c8e000 	C:\Windows\SYSTEM32\IPHLPAPI.DLL
0x74c60000 - 0x74c68000 	C:\Windows\SYSTEM32\WINNSI.DLL
0x77530000 - 0x77568000 	C:\Windows\SYSTEM32\WINTRUST.dll
0x77bc0000 - 0x77d3f000 	C:\Windows\SYSTEM32\CRYPT32.dll
0x76040000 - 0x7604e000 	C:\Windows\SYSTEM32\MSASN1.dll
0x66ad0000 - 0x66be0000 	C:\Windows\SYSTEM32\aticfx32.dll
0x5d2e0000 - 0x5d2fc000 	C:\Windows\SYSTEM32\atigktxx.dll
0x75760000 - 0x75769000 	C:\Windows\SYSTEM32\kernel.appcore.dll
0x5d070000 - 0x5d0e7000 	C:\Windows\SYSTEM32\mscms.dll
0x5e240000 - 0x5e27b000 	C:\Windows\SYSTEM32\icm32.dll
0x6c450000 - 0x6c593000 	C:\Program Files (x86)\Java\jre7\bin\awt.dll
0x50140000 - 0x50154000 	C:\Program Files (x86)\Java\jre7\bin\net.dll
0x74900000 - 0x74945000 	C:\Windows\system32\mswsock.dll
0x50130000 - 0x5013f000 	C:\Program Files (x86)\Java\jre7\bin\nio.dll
0x67f40000 - 0x68088000 	C:\Windows\SYSTEM32\dbghelp.dll

VM Arguments:
jvm_args: -Djava.library.path=D:\Benutzer\Tim\Documents\Eclipse\Game\lib\natives - windows -Dfile.encoding=Cp1252 
java_command: Test
Launcher Type: SUN_STANDARD

Environment Variables:
PATH=C:/Program Files (x86)/Java/jre7/bin/client;C:/Program Files (x86)/Java/jre7/bin;C:/Program Files (x86)/Java/jre7/lib/i386;C:\Windows\system32;C:\Windows;C:\Windows\System32\Wbem;C:\Windows\System32\WindowsPowerShell\v1.0\;C:\Program Files (x86)\ATI Technologies\ATI.ACE\Core-Static;C:\Program Files (x86)\Windows Kits\8.1\Windows Performance Toolkit\;C:\Program Files\Microsoft SQL Server\110\Tools\Binn\;C:\Program Files (x86)\QuickTime\QTSystem\;D:\Benutzer\Tim\Downloads\eclipse-standard-luna-R-win32\eclipse;
USERNAME=Tim
OS=Windows_NT
PROCESSOR_IDENTIFIER=AMD64 Family 16 Model 5 Stepping 3, AuthenticAMD



---------------  S Y S T E M  ---------------

OS: Windows 8.1 , 64 bit Build 9600 

CPU:total 4 (4 cores per cpu, 1 threads per core) family 16 model 5 stepping 3, cmov, cx8, fxsr, mmx, sse, sse2, sse3, popcnt, mmxext, 3dnowpref, lzcnt, sse4a, tsc, tscinvbit, tscinv

Memory: 4k page, physical 8386100k(3856096k free), swap 9696820k(3428036k free)

vm_info: Java HotSpot(TM) Client VM (24.71-b01) for windows-x86 JRE (1.7.0_71-b14), built on Sep 26 2014 16:30:49 by "java_re" with unknown MS VC++:1600

time: Sun Oct 19 18:56:54 2014
elapsed time: 3 seconds

